---------------------------------------------------------------
[ 2018-09-04T00:08:56+08:00 ] 172.17.87.134 61.140.124.36 GET /index.php/admin/index/index.html
[ info ] byu3109350001.my3w.com/index.php/admin/index/index.html [运行时间：0.045275s][吞吐率：22.09req/s] [内存消耗：604.93kb] [文件加载：58]
[ info ] [ LANG ] /data/home/byu3109350001/htdocs/app/thinkphp/lang/zh-cn.php
[ info ] [ ROUTE ] array (
  'type' => 'module',
  'module' => 
  array (
    0 => 'admin',
    1 => 'index',
    2 => 'index',
  ),
)
[ info ] [ HEADER ] array (
  'accept' => 'text/html,application/xhtml+xml,application/xml;q=0.9,image/webp,image/apng,*/*;q=0.8',
  'accept-encoding' => 'gzip, deflate',
  'accept-language' => 'zh-CN,zh;q=0.9',
  'cache-control' => 'max-age=0',
  'connection' => 'keep-alive',
  'cookie' => 'pgv_pvi=1832999936; pgv_si=s7618956288; PHPSESSID=2p74ud051p1279qor3norocr3b',
  'host' => 'byu3109350001.my3w.com',
  'upgrade-insecure-requests' => '1',
  'user-agent' => 'Mozilla/5.0 (Windows NT 10.0; WOW64) AppleWebKit/537.36 (KHTML, like Gecko) Chrome/63.0.3239.132 Safari/537.36',
)
[ info ] [ PARAM ] array (
)
[ info ] [ SESSION ] INIT array (
  'id' => '',
  'var_session_id' => '',
  'prefix' => 'think',
  'type' => '',
  'auto_start' => true,
)
[ info ] [ RUN ] app\admin\controller\Index->index[ /data/home/byu3109350001/htdocs/app/application/admin/controller/Index.php ]
[ info ] [ VIEW ] /data/home/byu3109350001/htdocs/app/public/../application/admin/view/index/index.html [ array (
) ]
[ info ] [ LOG ] INIT File
---------------------------------------------------------------
[ 2018-09-04T00:08:56+08:00 ] 172.17.87.134 61.140.124.36 GET /app/public/http://byu3109350001.my3w.com/app/public/http://byu3109350001.my3w.com/app/public/http://byu3109350001.my3w.com/app/public/static/hadmin/static/h-ui.admin/css/H-ui.admin.css
[ info ] byu3109350001.my3w.com/app/public/http://byu3109350001.my3w.com/app/public/http://byu3109350001.my3w.com/app/public/http://byu3109350001.my3w.com/app/public/static/hadmin/static/h-ui.admin/css/H-ui.admin.css [运行时间：0.117489s][吞吐率：8.51req/s] [内存消耗：407.20kb] [文件加载：48]
[ info ] [ LANG ] /data/home/byu3109350001/htdocs/app/thinkphp/lang/zh-cn.php
[ info ] [ ROUTE ] array (
  'type' => 'module',
  'module' => 
  array (
    0 => 'http:',
    1 => 'byu3109350001.my3w.com',
    2 => 'app',
  ),
)
[ info ] [ HEADER ] array (
  'accept' => 'text/css,*/*;q=0.1',
  'accept-encoding' => 'gzip, deflate',
  'accept-language' => 'zh-CN,zh;q=0.9',
  'connection' => 'keep-alive',
  'cookie' => 'pgv_pvi=1832999936; pgv_si=s7618956288; PHPSESSID=2p74ud051p1279qor3norocr3b',
  'host' => 'byu3109350001.my3w.com',
  'referer' => 'http://byu3109350001.my3w.com/index.php/admin/index/index.html',
  'user-agent' => 'Mozilla/5.0 (Windows NT 10.0; WOW64) AppleWebKit/537.36 (KHTML, like Gecko) Chrome/63.0.3239.132 Safari/537.36',
)
[ info ] [ PARAM ] array (
  'public' => 'static',
  'com' => 'app',
  'hadmin' => 'static',
  'admin' => 'css',
)
[ info ] [ LOG ] INIT File
---------------------------------------------------------------
[ 2018-09-04T00:08:56+08:00 ] 172.17.87.134 61.140.124.36 GET /app/public/http://byu3109350001.my3w.com/app/public/http://byu3109350001.my3w.com/app/public/static/hadmin/lib/Hui-iconfont/1.0.8/iconfont.css
[ info ] byu3109350001.my3w.com/app/public/http://byu3109350001.my3w.com/app/public/http://byu3109350001.my3w.com/app/public/static/hadmin/lib/Hui-iconfont/1.0.8/iconfont.css [运行时间：0.117123s][吞吐率：8.54req/s] [内存消耗：407.08kb] [文件加载：48]
[ info ] [ LANG ] /data/home/byu3109350001/htdocs/app/thinkphp/lang/zh-cn.php
[ info ] [ ROUTE ] array (
  'type' => 'module',
  'module' => 
  array (
    0 => 'http:',
    1 => 'byu3109350001.my3w.com',
    2 => 'app',
  ),
)
[ info ] [ HEADER ] array (
  'accept' => 'text/css,*/*;q=0.1',
  'accept-encoding' => 'gzip, deflate',
  'accept-language' => 'zh-CN,zh;q=0.9',
  'connection' => 'keep-alive',
  'cookie' => 'pgv_pvi=1832999936; pgv_si=s7618956288; PHPSESSID=2p74ud051p1279qor3norocr3b',
  'host' => 'byu3109350001.my3w.com',
  'referer' => 'http://byu3109350001.my3w.com/index.php/admin/index/index.html',
  'user-agent' => 'Mozilla/5.0 (Windows NT 10.0; WOW64) AppleWebKit/537.36 (KHTML, like Gecko) Chrome/63.0.3239.132 Safari/537.36',
)
[ info ] [ PARAM ] array (
  'public' => 'static',
  'com' => 'app',
  'hadmin' => 'lib',
  'iconfont' => '1.0.8',
)
[ info ] [ LOG ] INIT File
---------------------------------------------------------------
[ 2018-09-04T00:08:56+08:00 ] 172.17.87.134 61.140.124.36 GET /app/public/http://byu3109350001.my3w.com/app/public/static/hadmin/static/h-ui.admin/skin/default/skin.css
[ info ] byu3109350001.my3w.com/app/public/http://byu3109350001.my3w.com/app/public/static/hadmin/static/h-ui.admin/skin/default/skin.css [运行时间：0.105566s][吞吐率：9.47req/s] [内存消耗：407.02kb] [文件加载：48]
[ info ] [ LANG ] /data/home/byu3109350001/htdocs/app/thinkphp/lang/zh-cn.php
[ info ] [ ROUTE ] array (
  'type' => 'module',
  'module' => 
  array (
    0 => 'http:',
    1 => 'byu3109350001.my3w.com',
    2 => 'app',
  ),
)
[ info ] [ HEADER ] array (
  'accept' => 'text/css,*/*;q=0.1',
  'accept-encoding' => 'gzip, deflate',
  'accept-language' => 'zh-CN,zh;q=0.9',
  'connection' => 'keep-alive',
  'cookie' => 'pgv_pvi=1832999936; pgv_si=s7618956288; PHPSESSID=2p74ud051p1279qor3norocr3b',
  'host' => 'byu3109350001.my3w.com',
  'referer' => 'http://byu3109350001.my3w.com/index.php/admin/index/index.html',
  'user-agent' => 'Mozilla/5.0 (Windows NT 10.0; WOW64) AppleWebKit/537.36 (KHTML, like Gecko) Chrome/63.0.3239.132 Safari/537.36',
)
[ info ] [ PARAM ] array (
  'public' => 'static',
  'hadmin' => 'static',
  'admin' => 'skin',
  'default' => 'skin.css',
)
[ info ] [ LOG ] INIT File
---------------------------------------------------------------
[ 2018-09-04T00:08:56+08:00 ] 172.17.87.134 61.140.124.36 GET /index.php/admin/index/welcome.html
[ info ] byu3109350001.my3w.com/index.php/admin/index/welcome.html [运行时间：0.132379s][吞吐率：7.55req/s] [内存消耗：817.67kb] [文件加载：68]
[ info ] [ LANG ] /data/home/byu3109350001/htdocs/app/thinkphp/lang/zh-cn.php
[ info ] [ ROUTE ] array (
  'type' => 'module',
  'module' => 
  array (
    0 => 'admin',
    1 => 'index',
    2 => 'welcome',
  ),
)
[ info ] [ HEADER ] array (
  'accept' => 'text/html,application/xhtml+xml,application/xml;q=0.9,image/webp,image/apng,*/*;q=0.8',
  'accept-encoding' => 'gzip, deflate',
  'accept-language' => 'zh-CN,zh;q=0.9',
  'connection' => 'keep-alive',
  'cookie' => 'pgv_pvi=1832999936; pgv_si=s7618956288; PHPSESSID=2p74ud051p1279qor3norocr3b',
  'host' => 'byu3109350001.my3w.com',
  'referer' => 'http://byu3109350001.my3w.com/index.php/admin/index/index.html',
  'upgrade-insecure-requests' => '1',
  'user-agent' => 'Mozilla/5.0 (Windows NT 10.0; WOW64) AppleWebKit/537.36 (KHTML, like Gecko) Chrome/63.0.3239.132 Safari/537.36',
)
[ info ] [ PARAM ] array (
)
[ info ] [ SESSION ] INIT array (
  'id' => '',
  'var_session_id' => '',
  'prefix' => 'think',
  'type' => '',
  'auto_start' => true,
)
[ info ] [ RUN ] app\admin\controller\Index->welcome[ /data/home/byu3109350001/htdocs/app/application/admin/controller/Index.php ]
[ info ] [ DB ] INIT mysql
[ info ] [ CACHE ] INIT File
[ info ] [ VIEW ] /data/home/byu3109350001/htdocs/app/public/../application/admin/view/index/welcome.html [ array (
  0 => 'count',
) ]
[ info ] [ LOG ] INIT File
[ sql ] [ DB ] CONNECT:[ UseTime:0.035301s ] mysql:dbname=bdm280513349_db;host=bdm280513349.my3w.com;port=3306;charset=utf8
[ sql ] [ SQL ] SHOW COLUMNS FROM `ent_news` [ RunTime:0.007676s ]
[ sql ] [ SQL ] SELECT `read_count` FROM `ent_news` WHERE  `id` = 1 LIMIT 1 [ RunTime:0.006886s ]
[ sql ] [ SQL ] UPDATE `ent_news`  SET `read_count`=read_count+1  WHERE  `id` = 1 [ RunTime:0.009438s ]
---------------------------------------------------------------
[ 2018-09-04T00:08:59+08:00 ] 172.17.87.134 61.140.124.36 GET /index.php/admin/news/add.html
[ info ] byu3109350001.my3w.com/index.php/admin/news/add.html [运行时间：0.045413s][吞吐率：22.02req/s] [内存消耗：606.00kb] [文件加载：58]
[ info ] [ LANG ] /data/home/byu3109350001/htdocs/app/thinkphp/lang/zh-cn.php
[ info ] [ ROUTE ] array (
  'type' => 'module',
  'module' => 
  array (
    0 => 'admin',
    1 => 'news',
    2 => 'add',
  ),
)
[ info ] [ HEADER ] array (
  'accept' => 'text/html,application/xhtml+xml,application/xml;q=0.9,image/webp,image/apng,*/*;q=0.8',
  'accept-encoding' => 'gzip, deflate',
  'accept-language' => 'zh-CN,zh;q=0.9',
  'connection' => 'keep-alive',
  'cookie' => 'pgv_pvi=1832999936; pgv_si=s7618956288; PHPSESSID=2p74ud051p1279qor3norocr3b',
  'host' => 'byu3109350001.my3w.com',
  'referer' => 'http://byu3109350001.my3w.com/index.php/admin/index/index.html',
  'upgrade-insecure-requests' => '1',
  'user-agent' => 'Mozilla/5.0 (Windows NT 10.0; WOW64) AppleWebKit/537.36 (KHTML, like Gecko) Chrome/63.0.3239.132 Safari/537.36',
)
[ info ] [ PARAM ] array (
)
[ info ] [ SESSION ] INIT array (
  'id' => '',
  'var_session_id' => '',
  'prefix' => 'think',
  'type' => '',
  'auto_start' => true,
)
[ info ] [ RUN ] app\admin\controller\News->add[ /data/home/byu3109350001/htdocs/app/application/admin/controller/News.php ]
[ info ] [ VIEW ] /data/home/byu3109350001/htdocs/app/public/../application/admin/view/news/add.html [ array (
  0 => 'cats',
  1 => 'serverName',
) ]
[ info ] [ LOG ] INIT File
---------------------------------------------------------------
[ 2018-09-04T00:09:00+08:00 ] 172.17.87.134 61.140.124.36 GET /index.php/admin/news/
[ info ] byu3109350001.my3w.com/index.php/admin/news/ [运行时间：0.088405s][吞吐率：11.31req/s] [内存消耗：853.16kb] [文件加载：66]
[ info ] [ LANG ] /data/home/byu3109350001/htdocs/app/thinkphp/lang/zh-cn.php
[ info ] [ ROUTE ] array (
  'type' => 'module',
  'module' => 
  array (
    0 => 'admin',
    1 => 'news',
    2 => NULL,
  ),
)
[ info ] [ HEADER ] array (
  'accept' => '*/*',
  'accept-encoding' => 'gzip, deflate',
  'accept-language' => 'zh-CN,zh;q=0.9',
  'connection' => 'keep-alive',
  'cookie' => 'pgv_pvi=1832999936; pgv_si=s7618956288; PHPSESSID=2p74ud051p1279qor3norocr3b',
  'host' => 'byu3109350001.my3w.com',
  'referer' => 'http://byu3109350001.my3w.com/index.php/admin/news/add.html',
  'user-agent' => 'Mozilla/5.0 (Windows NT 10.0; WOW64) AppleWebKit/537.36 (KHTML, like Gecko) Chrome/63.0.3239.132 Safari/537.36',
  'x-requested-with' => 'ShockwaveFlash/27.0.0.187',
)
[ info ] [ PARAM ] array (
)
[ info ] [ SESSION ] INIT array (
  'id' => '',
  'var_session_id' => '',
  'prefix' => 'think',
  'type' => '',
  'auto_start' => true,
)
[ info ] [ RUN ] app\admin\controller\News->index[ /data/home/byu3109350001/htdocs/app/application/admin/controller/News.php ]
[ info ] [ DB ] INIT mysql
[ info ] [ VIEW ] /data/home/byu3109350001/htdocs/app/public/../application/admin/view/news/index.html [ array (
  0 => 'cats',
  1 => 'news',
  2 => 'pageTotal',
  3 => 'curr',
  4 => 'start_time',
  5 => 'end_time',
  6 => 'catid',
  7 => 'title',
  8 => 'query',
) ]
[ info ] [ LOG ] INIT File
[ sql ] [ DB ] CONNECT:[ UseTime:0.009768s ] mysql:dbname=bdm280513349_db;host=bdm280513349.my3w.com;port=3306;charset=utf8
[ sql ] [ SQL ] SHOW COLUMNS FROM `ent_news` [ RunTime:0.006546s ]
[ sql ] [ SQL ] SELECT `id`,`catid`,`image`,`title`,`read_count`,`status`,`is_position`,`update_time`,`create_time` FROM `ent_news` WHERE  `status` <> -1 ORDER BY `id`  desc LIMIT 0,4 [ RunTime:0.006044s ]
[ sql ] [ SQL ] SELECT COUNT(*) AS tp_count FROM `ent_news` WHERE  `status` <> -1 LIMIT 1 [ RunTime:0.005820s ]
---------------------------------------------------------------
[ 2018-09-04T00:09:17+08:00 ] 172.17.87.134 61.140.124.36 GET /index.php/admin/index/index.html
[ info ] byu3109350001.my3w.com/index.php/admin/index/index.html [运行时间：0.094054s][吞吐率：10.63req/s] [内存消耗：604.55kb] [文件加载：58]
[ info ] [ LANG ] /data/home/byu3109350001/htdocs/app/thinkphp/lang/zh-cn.php
[ info ] [ ROUTE ] array (
  'type' => 'module',
  'module' => 
  array (
    0 => 'admin',
    1 => 'index',
    2 => 'index',
  ),
)
[ info ] [ HEADER ] array (
  'accept' => 'text/html,application/xhtml+xml,application/xml;q=0.9,image/webp,image/apng,*/*;q=0.8',
  'accept-encoding' => 'gzip, deflate',
  'accept-language' => 'zh-CN,zh;q=0.9',
  'connection' => 'keep-alive',
  'cookie' => 'pgv_pvi=1832999936; pgv_si=s7618956288; PHPSESSID=2p74ud051p1279qor3norocr3b',
  'host' => 'byu3109350001.my3w.com',
  'upgrade-insecure-requests' => '1',
  'user-agent' => 'Mozilla/5.0 (Windows NT 10.0; WOW64) AppleWebKit/537.36 (KHTML, like Gecko) Chrome/63.0.3239.132 Safari/537.36',
)
[ info ] [ PARAM ] array (
)
[ info ] [ SESSION ] INIT array (
  'id' => '',
  'var_session_id' => '',
  'prefix' => 'think',
  'type' => '',
  'auto_start' => true,
)
[ info ] [ RUN ] app\admin\controller\Index->index[ /data/home/byu3109350001/htdocs/app/application/admin/controller/Index.php ]
[ info ] [ VIEW ] /data/home/byu3109350001/htdocs/app/public/../application/admin/view/index/index.html [ array (
) ]
[ info ] [ LOG ] INIT File
---------------------------------------------------------------
[ 2018-09-04T00:09:18+08:00 ] 172.17.87.134 61.140.124.36 GET /app/public/http://byu3109350001.my3w.com/app/public/http://byu3109350001.my3w.com/app/public/http://byu3109350001.my3w.com/app/public/static/hadmin/static/h-ui.admin/css/H-ui.admin.css
[ info ] byu3109350001.my3w.com/app/public/http://byu3109350001.my3w.com/app/public/http://byu3109350001.my3w.com/app/public/http://byu3109350001.my3w.com/app/public/static/hadmin/static/h-ui.admin/css/H-ui.admin.css [运行时间：0.132107s][吞吐率：7.57req/s] [内存消耗：407.20kb] [文件加载：48]
[ info ] [ LANG ] /data/home/byu3109350001/htdocs/app/thinkphp/lang/zh-cn.php
[ info ] [ ROUTE ] array (
  'type' => 'module',
  'module' => 
  array (
    0 => 'http:',
    1 => 'byu3109350001.my3w.com',
    2 => 'app',
  ),
)
[ info ] [ HEADER ] array (
  'accept' => 'text/css,*/*;q=0.1',
  'accept-encoding' => 'gzip, deflate',
  'accept-language' => 'zh-CN,zh;q=0.9',
  'connection' => 'keep-alive',
  'cookie' => 'pgv_pvi=1832999936; pgv_si=s7618956288; PHPSESSID=2p74ud051p1279qor3norocr3b',
  'host' => 'byu3109350001.my3w.com',
  'referer' => 'http://byu3109350001.my3w.com/index.php/admin/index/index.html',
  'user-agent' => 'Mozilla/5.0 (Windows NT 10.0; WOW64) AppleWebKit/537.36 (KHTML, like Gecko) Chrome/63.0.3239.132 Safari/537.36',
)
[ info ] [ PARAM ] array (
  'public' => 'static',
  'com' => 'app',
  'hadmin' => 'static',
  'admin' => 'css',
)
[ info ] [ LOG ] INIT File
---------------------------------------------------------------
[ 2018-09-04T00:09:18+08:00 ] 172.17.87.134 61.140.124.36 GET /app/public/http://byu3109350001.my3w.com/app/public/static/hadmin/static/h-ui.admin/skin/default/skin.css
[ info ] byu3109350001.my3w.com/app/public/http://byu3109350001.my3w.com/app/public/static/hadmin/static/h-ui.admin/skin/default/skin.css [运行时间：0.132994s][吞吐率：7.52req/s] [内存消耗：407.02kb] [文件加载：48]
[ info ] [ LANG ] /data/home/byu3109350001/htdocs/app/thinkphp/lang/zh-cn.php
[ info ] [ ROUTE ] array (
  'type' => 'module',
  'module' => 
  array (
    0 => 'http:',
    1 => 'byu3109350001.my3w.com',
    2 => 'app',
  ),
)
[ info ] [ HEADER ] array (
  'accept' => 'text/css,*/*;q=0.1',
  'accept-encoding' => 'gzip, deflate',
  'accept-language' => 'zh-CN,zh;q=0.9',
  'connection' => 'keep-alive',
  'cookie' => 'pgv_pvi=1832999936; pgv_si=s7618956288; PHPSESSID=2p74ud051p1279qor3norocr3b',
  'host' => 'byu3109350001.my3w.com',
  'referer' => 'http://byu3109350001.my3w.com/index.php/admin/index/index.html',
  'user-agent' => 'Mozilla/5.0 (Windows NT 10.0; WOW64) AppleWebKit/537.36 (KHTML, like Gecko) Chrome/63.0.3239.132 Safari/537.36',
)
[ info ] [ PARAM ] array (
  'public' => 'static',
  'hadmin' => 'static',
  'admin' => 'skin',
  'default' => 'skin.css',
)
[ info ] [ LOG ] INIT File
---------------------------------------------------------------
[ 2018-09-04T00:09:18+08:00 ] 172.17.87.134 61.140.124.36 GET /app/public/http://byu3109350001.my3w.com/app/public/http://byu3109350001.my3w.com/app/public/static/hadmin/lib/Hui-iconfont/1.0.8/iconfont.css
[ info ] byu3109350001.my3w.com/app/public/http://byu3109350001.my3w.com/app/public/http://byu3109350001.my3w.com/app/public/static/hadmin/lib/Hui-iconfont/1.0.8/iconfont.css [运行时间：0.137417s][吞吐率：7.28req/s] [内存消耗：407.08kb] [文件加载：48]
[ info ] [ LANG ] /data/home/byu3109350001/htdocs/app/thinkphp/lang/zh-cn.php
[ info ] [ ROUTE ] array (
  'type' => 'module',
  'module' => 
  array (
    0 => 'http:',
    1 => 'byu3109350001.my3w.com',
    2 => 'app',
  ),
)
[ info ] [ HEADER ] array (
  'accept' => 'text/css,*/*;q=0.1',
  'accept-encoding' => 'gzip, deflate',
  'accept-language' => 'zh-CN,zh;q=0.9',
  'connection' => 'keep-alive',
  'cookie' => 'pgv_pvi=1832999936; pgv_si=s7618956288; PHPSESSID=2p74ud051p1279qor3norocr3b',
  'host' => 'byu3109350001.my3w.com',
  'referer' => 'http://byu3109350001.my3w.com/index.php/admin/index/index.html',
  'user-agent' => 'Mozilla/5.0 (Windows NT 10.0; WOW64) AppleWebKit/537.36 (KHTML, like Gecko) Chrome/63.0.3239.132 Safari/537.36',
)
[ info ] [ PARAM ] array (
  'public' => 'static',
  'com' => 'app',
  'hadmin' => 'lib',
  'iconfont' => '1.0.8',
)
[ info ] [ LOG ] INIT File
---------------------------------------------------------------
[ 2018-09-04T00:09:18+08:00 ] 172.17.87.134 61.140.124.36 GET /index.php/admin/index/welcome.html
[ info ] byu3109350001.my3w.com/index.php/admin/index/welcome.html [运行时间：0.208825s][吞吐率：4.79req/s] [内存消耗：817.67kb] [文件加载：68]
[ info ] [ LANG ] /data/home/byu3109350001/htdocs/app/thinkphp/lang/zh-cn.php
[ info ] [ ROUTE ] array (
  'type' => 'module',
  'module' => 
  array (
    0 => 'admin',
    1 => 'index',
    2 => 'welcome',
  ),
)
[ info ] [ HEADER ] array (
  'accept' => 'text/html,application/xhtml+xml,application/xml;q=0.9,image/webp,image/apng,*/*;q=0.8',
  'accept-encoding' => 'gzip, deflate',
  'accept-language' => 'zh-CN,zh;q=0.9',
  'connection' => 'keep-alive',
  'cookie' => 'pgv_pvi=1832999936; pgv_si=s7618956288; PHPSESSID=2p74ud051p1279qor3norocr3b',
  'host' => 'byu3109350001.my3w.com',
  'referer' => 'http://byu3109350001.my3w.com/index.php/admin/index/index.html',
  'upgrade-insecure-requests' => '1',
  'user-agent' => 'Mozilla/5.0 (Windows NT 10.0; WOW64) AppleWebKit/537.36 (KHTML, like Gecko) Chrome/63.0.3239.132 Safari/537.36',
)
[ info ] [ PARAM ] array (
)
[ info ] [ SESSION ] INIT array (
  'id' => '',
  'var_session_id' => '',
  'prefix' => 'think',
  'type' => '',
  'auto_start' => true,
)
[ info ] [ RUN ] app\admin\controller\Index->welcome[ /data/home/byu3109350001/htdocs/app/application/admin/controller/Index.php ]
[ info ] [ DB ] INIT mysql
[ info ] [ CACHE ] INIT File
[ info ] [ VIEW ] /data/home/byu3109350001/htdocs/app/public/../application/admin/view/index/welcome.html [ array (
  0 => 'count',
) ]
[ info ] [ LOG ] INIT File
[ sql ] [ DB ] CONNECT:[ UseTime:0.009075s ] mysql:dbname=bdm280513349_db;host=bdm280513349.my3w.com;port=3306;charset=utf8
[ sql ] [ SQL ] SHOW COLUMNS FROM `ent_news` [ RunTime:0.006255s ]
[ sql ] [ SQL ] SELECT `read_count` FROM `ent_news` WHERE  `id` = 1 LIMIT 1 [ RunTime:0.005542s ]
[ sql ] [ SQL ] UPDATE `ent_news`  SET `read_count`=read_count+1  WHERE  `id` = 1 [ RunTime:0.008479s ]
---------------------------------------------------------------
[ 2018-09-04T00:09:20+08:00 ] 172.17.87.134 61.140.124.36 GET /index.php/admin/login/logout.html
[ info ] byu3109350001.my3w.com/index.php/admin/login/logout.html [运行时间：0.044217s][吞吐率：22.62req/s] [内存消耗：600.52kb] [文件加载：59]
[ info ] [ LANG ] /data/home/byu3109350001/htdocs/app/thinkphp/lang/zh-cn.php
[ info ] [ ROUTE ] array (
  'type' => 'module',
  'module' => 
  array (
    0 => 'admin',
    1 => 'login',
    2 => 'logout',
  ),
)
[ info ] [ HEADER ] array (
  'accept' => 'text/html,application/xhtml+xml,application/xml;q=0.9,image/webp,image/apng,*/*;q=0.8',
  'accept-encoding' => 'gzip, deflate',
  'accept-language' => 'zh-CN,zh;q=0.9',
  'connection' => 'keep-alive',
  'cookie' => 'pgv_pvi=1832999936; pgv_si=s7618956288; PHPSESSID=2p74ud051p1279qor3norocr3b',
  'host' => 'byu3109350001.my3w.com',
  'referer' => 'http://byu3109350001.my3w.com/index.php/admin/index/index.html',
  'upgrade-insecure-requests' => '1',
  'user-agent' => 'Mozilla/5.0 (Windows NT 10.0; WOW64) AppleWebKit/537.36 (KHTML, like Gecko) Chrome/63.0.3239.132 Safari/537.36',
)
[ info ] [ PARAM ] array (
)
[ info ] [ RUN ] app\admin\controller\Login->logout[ /data/home/byu3109350001/htdocs/app/application/admin/controller/Login.php ]
[ info ] [ SESSION ] INIT array (
  'id' => '',
  'var_session_id' => '',
  'prefix' => 'think',
  'type' => '',
  'auto_start' => true,
)
[ info ] [ LOG ] INIT File
---------------------------------------------------------------
[ 2018-09-04T00:09:20+08:00 ] 172.17.87.134 61.140.124.36 GET /index.php/admin/login/index.html
[ info ] byu3109350001.my3w.com/index.php/admin/login/index.html [运行时间：0.039033s][吞吐率：25.62req/s] [内存消耗：498.41kb] [文件加载：55]
[ info ] [ LANG ] /data/home/byu3109350001/htdocs/app/thinkphp/lang/zh-cn.php
[ info ] [ ROUTE ] array (
  'type' => 'module',
  'module' => 
  array (
    0 => 'admin',
    1 => 'login',
    2 => 'index',
  ),
)
[ info ] [ HEADER ] array (
  'accept' => 'text/html,application/xhtml+xml,application/xml;q=0.9,image/webp,image/apng,*/*;q=0.8',
  'accept-encoding' => 'gzip, deflate',
  'accept-language' => 'zh-CN,zh;q=0.9',
  'connection' => 'keep-alive',
  'cookie' => 'pgv_pvi=1832999936; pgv_si=s7618956288; PHPSESSID=2p74ud051p1279qor3norocr3b',
  'host' => 'byu3109350001.my3w.com',
  'referer' => 'http://byu3109350001.my3w.com/index.php/admin/index/index.html',
  'upgrade-insecure-requests' => '1',
  'user-agent' => 'Mozilla/5.0 (Windows NT 10.0; WOW64) AppleWebKit/537.36 (KHTML, like Gecko) Chrome/63.0.3239.132 Safari/537.36',
)
[ info ] [ PARAM ] array (
)
[ info ] [ RUN ] app\admin\controller\Login->index[ /data/home/byu3109350001/htdocs/app/application/admin/controller/Login.php ]
[ info ] [ SESSION ] INIT array (
  'id' => '',
  'var_session_id' => '',
  'prefix' => 'think',
  'type' => '',
  'auto_start' => true,
)
[ info ] [ VIEW ] /data/home/byu3109350001/htdocs/app/public/../application/admin/view/login/index.html [ array (
) ]
[ info ] [ LOG ] INIT File
---------------------------------------------------------------
[ 2018-09-04T00:09:20+08:00 ] 172.17.87.134 61.140.124.36 GET /app/public/captcha
[ info ] byu3109350001.my3w.com/app/public/captcha [运行时间：0.041341s][吞吐率：24.19req/s] [内存消耗：422.58kb] [文件加载：46]
[ info ] [ LANG ] /data/home/byu3109350001/htdocs/app/thinkphp/lang/zh-cn.php
[ info ] [ ROUTE ] array (
  'type' => 'method',
  'method' => 
  array (
    0 => '\\think\\captcha\\CaptchaController',
    1 => 'index',
  ),
  'var' => 
  array (
  ),
)
[ info ] [ HEADER ] array (
  'accept' => 'image/webp,image/apng,image/*,*/*;q=0.8',
  'accept-encoding' => 'gzip, deflate',
  'accept-language' => 'zh-CN,zh;q=0.9',
  'connection' => 'keep-alive',
  'cookie' => 'pgv_pvi=1832999936; pgv_si=s7618956288; PHPSESSID=2p74ud051p1279qor3norocr3b',
  'host' => 'byu3109350001.my3w.com',
  'referer' => 'http://byu3109350001.my3w.com/index.php/admin/login/index.html',
  'user-agent' => 'Mozilla/5.0 (Windows NT 10.0; WOW64) AppleWebKit/537.36 (KHTML, like Gecko) Chrome/63.0.3239.132 Safari/537.36',
)
[ info ] [ PARAM ] array (
  'id' => NULL,
)
[ info ] [ RUN ] think\captcha\CaptchaController->index[ /data/home/byu3109350001/htdocs/app/vendor/topthink/think-captcha/src/CaptchaController.php ]
[ info ] [ SESSION ] INIT array (
  'id' => '',
  'var_session_id' => '',
  'prefix' => 'think',
  'type' => '',
  'auto_start' => true,
)
[ info ] [ LOG ] INIT File
---------------------------------------------------------------
[ 2018-09-04T00:09:22+08:00 ] 172.17.87.134 61.140.124.36 GET /index.php/admin/index/index.html
[ info ] byu3109350001.my3w.com/index.php/admin/index/index.html [运行时间：0.038772s][吞吐率：25.79req/s] [内存消耗：500.73kb] [文件加载：56]
[ info ] [ LANG ] /data/home/byu3109350001/htdocs/app/thinkphp/lang/zh-cn.php
[ info ] [ ROUTE ] array (
  'type' => 'module',
  'module' => 
  array (
    0 => 'admin',
    1 => 'index',
    2 => 'index',
  ),
)
[ info ] [ HEADER ] array (
  'accept' => 'text/html,application/xhtml+xml,application/xml;q=0.9,image/webp,image/apng,*/*;q=0.8',
  'accept-encoding' => 'gzip, deflate',
  'accept-language' => 'zh-CN,zh;q=0.9',
  'cache-control' => 'max-age=0',
  'connection' => 'keep-alive',
  'cookie' => 'pgv_pvi=1832999936; pgv_si=s7618956288; PHPSESSID=2p74ud051p1279qor3norocr3b',
  'host' => 'byu3109350001.my3w.com',
  'upgrade-insecure-requests' => '1',
  'user-agent' => 'Mozilla/5.0 (Windows NT 10.0; WOW64) AppleWebKit/537.36 (KHTML, like Gecko) Chrome/63.0.3239.132 Safari/537.36',
)
[ info ] [ PARAM ] array (
)
[ info ] [ SESSION ] INIT array (
  'id' => '',
  'var_session_id' => '',
  'prefix' => 'think',
  'type' => '',
  'auto_start' => true,
)
[ info ] [ LOG ] INIT File
---------------------------------------------------------------
[ 2018-09-04T00:09:22+08:00 ] 172.17.87.134 61.140.124.36 GET /index.php/admin/login/index.html
[ info ] byu3109350001.my3w.com/index.php/admin/login/index.html [运行时间：0.039190s][吞吐率：25.52req/s] [内存消耗：498.77kb] [文件加载：55]
[ info ] [ LANG ] /data/home/byu3109350001/htdocs/app/thinkphp/lang/zh-cn.php
[ info ] [ ROUTE ] array (
  'type' => 'module',
  'module' => 
  array (
    0 => 'admin',
    1 => 'login',
    2 => 'index',
  ),
)
[ info ] [ HEADER ] array (
  'accept' => 'text/html,application/xhtml+xml,application/xml;q=0.9,image/webp,image/apng,*/*;q=0.8',
  'accept-encoding' => 'gzip, deflate',
  'accept-language' => 'zh-CN,zh;q=0.9',
  'cache-control' => 'max-age=0',
  'connection' => 'keep-alive',
  'cookie' => 'pgv_pvi=1832999936; pgv_si=s7618956288; PHPSESSID=2p74ud051p1279qor3norocr3b',
  'host' => 'byu3109350001.my3w.com',
  'upgrade-insecure-requests' => '1',
  'user-agent' => 'Mozilla/5.0 (Windows NT 10.0; WOW64) AppleWebKit/537.36 (KHTML, like Gecko) Chrome/63.0.3239.132 Safari/537.36',
)
[ info ] [ PARAM ] array (
)
[ info ] [ RUN ] app\admin\controller\Login->index[ /data/home/byu3109350001/htdocs/app/application/admin/controller/Login.php ]
[ info ] [ SESSION ] INIT array (
  'id' => '',
  'var_session_id' => '',
  'prefix' => 'think',
  'type' => '',
  'auto_start' => true,
)
[ info ] [ VIEW ] /data/home/byu3109350001/htdocs/app/public/../application/admin/view/login/index.html [ array (
) ]
[ info ] [ LOG ] INIT File
---------------------------------------------------------------
[ 2018-09-04T00:09:22+08:00 ] 172.17.87.134 61.140.124.36 GET /app/public/captcha
[ info ] byu3109350001.my3w.com/app/public/captcha [运行时间：0.033641s][吞吐率：29.73req/s] [内存消耗：422.73kb] [文件加载：46]
[ info ] [ LANG ] /data/home/byu3109350001/htdocs/app/thinkphp/lang/zh-cn.php
[ info ] [ ROUTE ] array (
  'type' => 'method',
  'method' => 
  array (
    0 => '\\think\\captcha\\CaptchaController',
    1 => 'index',
  ),
  'var' => 
  array (
  ),
)
[ info ] [ HEADER ] array (
  'accept' => 'image/webp,image/apng,image/*,*/*;q=0.8',
  'accept-encoding' => 'gzip, deflate',
  'accept-language' => 'zh-CN,zh;q=0.9',
  'connection' => 'keep-alive',
  'cookie' => 'pgv_pvi=1832999936; pgv_si=s7618956288; PHPSESSID=2p74ud051p1279qor3norocr3b',
  'host' => 'byu3109350001.my3w.com',
  'referer' => 'http://byu3109350001.my3w.com/index.php/admin/login/index.html',
  'user-agent' => 'Mozilla/5.0 (Windows NT 10.0; WOW64) AppleWebKit/537.36 (KHTML, like Gecko) Chrome/63.0.3239.132 Safari/537.36',
)
[ info ] [ PARAM ] array (
  'id' => NULL,
)
[ info ] [ RUN ] think\captcha\CaptchaController->index[ /data/home/byu3109350001/htdocs/app/vendor/topthink/think-captcha/src/CaptchaController.php ]
[ info ] [ SESSION ] INIT array (
  'id' => '',
  'var_session_id' => '',
  'prefix' => 'think',
  'type' => '',
  'auto_start' => true,
)
[ info ] [ LOG ] INIT File
---------------------------------------------------------------
[ 2018-09-04T00:11:03+08:00 ] 172.17.87.134 61.140.124.36 POST /index.php/admin/login/check.html
[ info ] byu3109350001.my3w.com/index.php/admin/login/check.html [运行时间：0.039395s][吞吐率：25.38req/s] [内存消耗：502.02kb] [文件加载：56]
[ info ] [ LANG ] /data/home/byu3109350001/htdocs/app/thinkphp/lang/zh-cn.php
[ info ] [ ROUTE ] array (
  'type' => 'module',
  'module' => 
  array (
    0 => 'admin',
    1 => 'login',
    2 => 'check',
  ),
)
[ info ] [ HEADER ] array (
  'content-length' => '29',
  'content-type' => 'application/x-www-form-urlencoded',
  'accept' => 'text/html,application/xhtml+xml,application/xml;q=0.9,image/webp,image/apng,*/*;q=0.8',
  'accept-encoding' => 'gzip, deflate',
  'accept-language' => 'zh-CN,zh;q=0.9',
  'cache-control' => 'max-age=0',
  'connection' => 'keep-alive',
  'cookie' => 'pgv_pvi=1832999936; pgv_si=s7618956288; PHPSESSID=2p74ud051p1279qor3norocr3b',
  'host' => 'byu3109350001.my3w.com',
  'origin' => 'http://byu3109350001.my3w.com',
  'referer' => 'http://byu3109350001.my3w.com/index.php/admin/login/index.html',
  'upgrade-insecure-requests' => '1',
  'user-agent' => 'Mozilla/5.0 (Windows NT 10.0; WOW64) AppleWebKit/537.36 (KHTML, like Gecko) Chrome/63.0.3239.132 Safari/537.36',
)
[ info ] [ PARAM ] array (
  'username' => 'ee',
  'password' => 'e',
  'code' => 'e',
)
[ info ] [ RUN ] app\admin\controller\Login->check[ /data/home/byu3109350001/htdocs/app/application/admin/controller/Login.php ]
[ info ] [ SESSION ] INIT array (
  'id' => '',
  'var_session_id' => '',
  'prefix' => 'think',
  'type' => '',
  'auto_start' => true,
)
[ info ] [ VIEW ] /data/home/byu3109350001/htdocs/app/thinkphp/tpl/dispatch_jump.tpl [ array (
  0 => 'code',
  1 => 'msg',
  2 => 'data',
  3 => 'url',
  4 => 'wait',
) ]
[ info ] [ LOG ] INIT File
---------------------------------------------------------------
[ 2018-09-04T00:11:04+08:00 ] 172.17.87.134 61.140.124.36 GET /index.php/admin/login/index.html
[ info ] byu3109350001.my3w.com/index.php/admin/login/index.html [运行时间：0.039786s][吞吐率：25.13req/s] [内存消耗：498.38kb] [文件加载：55]
[ info ] [ LANG ] /data/home/byu3109350001/htdocs/app/thinkphp/lang/zh-cn.php
[ info ] [ ROUTE ] array (
  'type' => 'module',
  'module' => 
  array (
    0 => 'admin',
    1 => 'login',
    2 => 'index',
  ),
)
[ info ] [ HEADER ] array (
  'accept' => 'text/html,application/xhtml+xml,application/xml;q=0.9,image/webp,image/apng,*/*;q=0.8',
  'accept-encoding' => 'gzip, deflate',
  'accept-language' => 'zh-CN,zh;q=0.9',
  'connection' => 'keep-alive',
  'cookie' => 'pgv_pvi=1832999936; pgv_si=s7618956288; PHPSESSID=2p74ud051p1279qor3norocr3b',
  'host' => 'byu3109350001.my3w.com',
  'upgrade-insecure-requests' => '1',
  'user-agent' => 'Mozilla/5.0 (Windows NT 10.0; WOW64) AppleWebKit/537.36 (KHTML, like Gecko) Chrome/63.0.3239.132 Safari/537.36',
)
[ info ] [ PARAM ] array (
)
[ info ] [ RUN ] app\admin\controller\Login->index[ /data/home/byu3109350001/htdocs/app/application/admin/controller/Login.php ]
[ info ] [ SESSION ] INIT array (
  'id' => '',
  'var_session_id' => '',
  'prefix' => 'think',
  'type' => '',
  'auto_start' => true,
)
[ info ] [ VIEW ] /data/home/byu3109350001/htdocs/app/public/../application/admin/view/login/index.html [ array (
) ]
[ info ] [ LOG ] INIT File
---------------------------------------------------------------
[ 2018-09-04T00:11:07+08:00 ] 172.17.87.134 61.140.124.36 GET /app/public/captcha?id=0.13895702788764486
[ info ] byu3109350001.my3w.com/app/public/captcha?id=0.13895702788764486 [运行时间：0.033178s][吞吐率：30.14req/s] [内存消耗：423.06kb] [文件加载：46]
[ info ] [ LANG ] /data/home/byu3109350001/htdocs/app/thinkphp/lang/zh-cn.php
[ info ] [ ROUTE ] array (
  'type' => 'method',
  'method' => 
  array (
    0 => '\\think\\captcha\\CaptchaController',
    1 => 'index',
  ),
  'var' => 
  array (
  ),
)
[ info ] [ HEADER ] array (
  'accept' => 'image/webp,image/apng,image/*,*/*;q=0.8',
  'accept-encoding' => 'gzip, deflate',
  'accept-language' => 'zh-CN,zh;q=0.9',
  'connection' => 'keep-alive',
  'cookie' => 'pgv_pvi=1832999936; pgv_si=s7618956288; PHPSESSID=2p74ud051p1279qor3norocr3b',
  'host' => 'byu3109350001.my3w.com',
  'referer' => 'http://byu3109350001.my3w.com/index.php/admin/login/index.html',
  'user-agent' => 'Mozilla/5.0 (Windows NT 10.0; WOW64) AppleWebKit/537.36 (KHTML, like Gecko) Chrome/63.0.3239.132 Safari/537.36',
)
[ info ] [ PARAM ] array (
  'id' => NULL,
)
[ info ] [ RUN ] think\captcha\CaptchaController->index[ /data/home/byu3109350001/htdocs/app/vendor/topthink/think-captcha/src/CaptchaController.php ]
[ info ] [ SESSION ] INIT array (
  'id' => '',
  'var_session_id' => '',
  'prefix' => 'think',
  'type' => '',
  'auto_start' => true,
)
[ info ] [ LOG ] INIT File
---------------------------------------------------------------
[ 2018-09-04T00:11:09+08:00 ] 172.17.87.134 61.140.124.36 POST /index.php/admin/login/check.html
[ info ] byu3109350001.my3w.com/index.php/admin/login/check.html [运行时间：0.141493s][吞吐率：7.07req/s] [内存消耗：831.42kb] [文件加载：67]
[ info ] [ LANG ] /data/home/byu3109350001/htdocs/app/thinkphp/lang/zh-cn.php
[ info ] [ ROUTE ] array (
  'type' => 'module',
  'module' => 
  array (
    0 => 'admin',
    1 => 'login',
    2 => 'check',
  ),
)
[ info ] [ HEADER ] array (
  'content-length' => '29',
  'content-type' => 'application/x-www-form-urlencoded',
  'accept' => 'text/html,application/xhtml+xml,application/xml;q=0.9,image/webp,image/apng,*/*;q=0.8',
  'accept-encoding' => 'gzip, deflate',
  'accept-language' => 'zh-CN,zh;q=0.9',
  'cache-control' => 'max-age=0',
  'connection' => 'keep-alive',
  'cookie' => 'pgv_pvi=1832999936; pgv_si=s7618956288; PHPSESSID=2p74ud051p1279qor3norocr3b',
  'host' => 'byu3109350001.my3w.com',
  'origin' => 'http://byu3109350001.my3w.com',
  'referer' => 'http://byu3109350001.my3w.com/index.php/admin/login/index.html',
  'upgrade-insecure-requests' => '1',
  'user-agent' => 'Mozilla/5.0 (Windows NT 10.0; WOW64) AppleWebKit/537.36 (KHTML, like Gecko) Chrome/63.0.3239.132 Safari/537.36',
)
[ info ] [ PARAM ] array (
  'username' => 'ee',
  'password' => 'e',
  'code' => 'p',
)
[ info ] [ RUN ] app\admin\controller\Login->check[ /data/home/byu3109350001/htdocs/app/application/admin/controller/Login.php ]
[ info ] [ SESSION ] INIT array (
  'id' => '',
  'var_session_id' => '',
  'prefix' => 'think',
  'type' => '',
  'auto_start' => true,
)
[ info ] [ DB ] INIT mysql
[ info ] [ VIEW ] /data/home/byu3109350001/htdocs/app/thinkphp/tpl/dispatch_jump.tpl [ array (
  0 => 'code',
  1 => 'msg',
  2 => 'data',
  3 => 'url',
  4 => 'wait',
) ]
[ info ] [ LOG ] INIT File
[ sql ] [ DB ] CONNECT:[ UseTime:0.013184s ] mysql:dbname=bdm280513349_db;host=bdm280513349.my3w.com;port=3306;charset=utf8
[ sql ] [ SQL ] SHOW COLUMNS FROM `ent_admin_user` [ RunTime:0.006585s ]
[ sql ] [ SQL ] SELECT * FROM `ent_admin_user` WHERE  `username` = 'ee' LIMIT 1 [ RunTime:0.006141s ]
---------------------------------------------------------------
[ 2018-09-04T00:11:11+08:00 ] 172.17.87.134 61.140.124.36 GET /index.php/admin/login/index.html
[ info ] byu3109350001.my3w.com/index.php/admin/login/index.html [运行时间：0.078887s][吞吐率：12.68req/s] [内存消耗：497.34kb] [文件加载：55]
[ info ] [ LANG ] /data/home/byu3109350001/htdocs/app/thinkphp/lang/zh-cn.php
[ info ] [ ROUTE ] array (
  'type' => 'module',
  'module' => 
  array (
    0 => 'admin',
    1 => 'login',
    2 => 'index',
  ),
)
[ info ] [ HEADER ] array (
  'accept' => 'text/html,application/xhtml+xml,application/xml;q=0.9,image/webp,image/apng,*/*;q=0.8',
  'accept-encoding' => 'gzip, deflate',
  'accept-language' => 'zh-CN,zh;q=0.9',
  'connection' => 'keep-alive',
  'cookie' => 'pgv_pvi=1832999936; pgv_si=s7618956288; PHPSESSID=2p74ud051p1279qor3norocr3b',
  'host' => 'byu3109350001.my3w.com',
  'upgrade-insecure-requests' => '1',
  'user-agent' => 'Mozilla/5.0 (Windows NT 10.0; WOW64) AppleWebKit/537.36 (KHTML, like Gecko) Chrome/63.0.3239.132 Safari/537.36',
)
[ info ] [ PARAM ] array (
)
[ info ] [ RUN ] app\admin\controller\Login->index[ /data/home/byu3109350001/htdocs/app/application/admin/controller/Login.php ]
[ info ] [ SESSION ] INIT array (
  'id' => '',
  'var_session_id' => '',
  'prefix' => 'think',
  'type' => '',
  'auto_start' => true,
)
[ info ] [ VIEW ] /data/home/byu3109350001/htdocs/app/public/../application/admin/view/login/index.html [ array (
) ]
[ info ] [ LOG ] INIT File
---------------------------------------------------------------
[ 2018-09-04T00:11:14+08:00 ] 172.17.87.134 61.140.124.36 GET /app/public/captcha?id=0.4625673313121226
[ info ] byu3109350001.my3w.com/app/public/captcha?id=0.4625673313121226 [运行时间：0.104445s][吞吐率：9.57req/s] [内存消耗：422.91kb] [文件加载：46]
[ info ] [ LANG ] /data/home/byu3109350001/htdocs/app/thinkphp/lang/zh-cn.php
[ info ] [ ROUTE ] array (
  'type' => 'method',
  'method' => 
  array (
    0 => '\\think\\captcha\\CaptchaController',
    1 => 'index',
  ),
  'var' => 
  array (
  ),
)
[ info ] [ HEADER ] array (
  'accept' => 'image/webp,image/apng,image/*,*/*;q=0.8',
  'accept-encoding' => 'gzip, deflate',
  'accept-language' => 'zh-CN,zh;q=0.9',
  'connection' => 'keep-alive',
  'cookie' => 'pgv_pvi=1832999936; pgv_si=s7618956288; PHPSESSID=2p74ud051p1279qor3norocr3b',
  'host' => 'byu3109350001.my3w.com',
  'referer' => 'http://byu3109350001.my3w.com/index.php/admin/login/index.html',
  'user-agent' => 'Mozilla/5.0 (Windows NT 10.0; WOW64) AppleWebKit/537.36 (KHTML, like Gecko) Chrome/63.0.3239.132 Safari/537.36',
)
[ info ] [ PARAM ] array (
  'id' => NULL,
)
[ info ] [ RUN ] think\captcha\CaptchaController->index[ /data/home/byu3109350001/htdocs/app/vendor/topthink/think-captcha/src/CaptchaController.php ]
[ info ] [ SESSION ] INIT array (
  'id' => '',
  'var_session_id' => '',
  'prefix' => 'think',
  'type' => '',
  'auto_start' => true,
)
[ info ] [ LOG ] INIT File
---------------------------------------------------------------
[ 2018-09-04T00:11:19+08:00 ] 172.17.87.134 61.140.124.36 POST /index.php/admin/login/check.html
[ info ] byu3109350001.my3w.com/index.php/admin/login/check.html [运行时间：0.157420s][吞吐率：6.35req/s] [内存消耗：804.52kb] [文件加载：71]
[ info ] [ LANG ] /data/home/byu3109350001/htdocs/app/thinkphp/lang/zh-cn.php
[ info ] [ ROUTE ] array (
  'type' => 'module',
  'module' => 
  array (
    0 => 'admin',
    1 => 'login',
    2 => 'check',
  ),
)
[ info ] [ HEADER ] array (
  'content-length' => '30',
  'content-type' => 'application/x-www-form-urlencoded',
  'accept' => 'text/html,application/xhtml+xml,application/xml;q=0.9,image/webp,image/apng,*/*;q=0.8',
  'accept-encoding' => 'gzip, deflate',
  'accept-language' => 'zh-CN,zh;q=0.9',
  'cache-control' => 'max-age=0',
  'connection' => 'keep-alive',
  'cookie' => 'pgv_pvi=1832999936; pgv_si=s7618956288; PHPSESSID=2p74ud051p1279qor3norocr3b',
  'host' => 'byu3109350001.my3w.com',
  'origin' => 'http://byu3109350001.my3w.com',
  'referer' => 'http://byu3109350001.my3w.com/index.php/admin/login/index.html',
  'upgrade-insecure-requests' => '1',
  'user-agent' => 'Mozilla/5.0 (Windows NT 10.0; WOW64) AppleWebKit/537.36 (KHTML, like Gecko) Chrome/63.0.3239.132 Safari/537.36',
)
[ info ] [ PARAM ] array (
  'username' => 'ee',
  'password' => 'ee',
  'code' => 'r',
)
[ info ] [ RUN ] app\admin\controller\Login->check[ /data/home/byu3109350001/htdocs/app/application/admin/controller/Login.php ]
[ info ] [ SESSION ] INIT array (
  'id' => '',
  'var_session_id' => '',
  'prefix' => 'think',
  'type' => '',
  'auto_start' => true,
)
[ info ] [ DB ] INIT mysql
[ info ] [ CACHE ] INIT File
[ info ] [ LOG ] INIT File
[ sql ] [ DB ] CONNECT:[ UseTime:0.013765s ] mysql:dbname=bdm280513349_db;host=bdm280513349.my3w.com;port=3306;charset=utf8
[ sql ] [ SQL ] SHOW COLUMNS FROM `ent_admin_user` [ RunTime:0.006736s ]
[ sql ] [ SQL ] SELECT * FROM `ent_admin_user` WHERE  `username` = 'ee' LIMIT 1 [ RunTime:0.006068s ]
[ sql ] [ SQL ] UPDATE `ent_admin_user`  SET `last_login_time`=1535991079,`last_login_ip`='61.140.124.36',`update_time`=1535991079  WHERE  `id` = 1 [ RunTime:0.009300s ]
---------------------------------------------------------------
[ 2018-09-04T00:11:19+08:00 ] 172.17.87.134 61.140.124.36 GET /index.php/admin/index/index.html
[ info ] byu3109350001.my3w.com/index.php/admin/index/index.html [运行时间：0.090601s][吞吐率：11.04req/s] [内存消耗：605.70kb] [文件加载：58]
[ info ] [ LANG ] /data/home/byu3109350001/htdocs/app/thinkphp/lang/zh-cn.php
[ info ] [ ROUTE ] array (
  'type' => 'module',
  'module' => 
  array (
    0 => 'admin',
    1 => 'index',
    2 => 'index',
  ),
)
[ info ] [ HEADER ] array (
  'accept' => 'text/html,application/xhtml+xml,application/xml;q=0.9,image/webp,image/apng,*/*;q=0.8',
  'accept-encoding' => 'gzip, deflate',
  'accept-language' => 'zh-CN,zh;q=0.9',
  'cache-control' => 'max-age=0',
  'connection' => 'keep-alive',
  'cookie' => 'pgv_pvi=1832999936; pgv_si=s7618956288; PHPSESSID=2p74ud051p1279qor3norocr3b',
  'host' => 'byu3109350001.my3w.com',
  'referer' => 'http://byu3109350001.my3w.com/index.php/admin/login/index.html',
  'upgrade-insecure-requests' => '1',
  'user-agent' => 'Mozilla/5.0 (Windows NT 10.0; WOW64) AppleWebKit/537.36 (KHTML, like Gecko) Chrome/63.0.3239.132 Safari/537.36',
)
[ info ] [ PARAM ] array (
)
[ info ] [ SESSION ] INIT array (
  'id' => '',
  'var_session_id' => '',
  'prefix' => 'think',
  'type' => '',
  'auto_start' => true,
)
[ info ] [ RUN ] app\admin\controller\Index->index[ /data/home/byu3109350001/htdocs/app/application/admin/controller/Index.php ]
[ info ] [ VIEW ] /data/home/byu3109350001/htdocs/app/public/../application/admin/view/index/index.html [ array (
) ]
[ info ] [ LOG ] INIT File
---------------------------------------------------------------
[ 2018-09-04T00:11:19+08:00 ] 172.17.87.134 61.140.124.36 GET /app/public/http://byu3109350001.my3w.com/app/public/http://byu3109350001.my3w.com/app/public/http://byu3109350001.my3w.com/app/public/static/hadmin/static/h-ui.admin/css/H-ui.admin.css
[ info ] byu3109350001.my3w.com/app/public/http://byu3109350001.my3w.com/app/public/http://byu3109350001.my3w.com/app/public/http://byu3109350001.my3w.com/app/public/static/hadmin/static/h-ui.admin/css/H-ui.admin.css [运行时间：0.146750s][吞吐率：6.81req/s] [内存消耗：407.20kb] [文件加载：48]
[ info ] [ LANG ] /data/home/byu3109350001/htdocs/app/thinkphp/lang/zh-cn.php
[ info ] [ ROUTE ] array (
  'type' => 'module',
  'module' => 
  array (
    0 => 'http:',
    1 => 'byu3109350001.my3w.com',
    2 => 'app',
  ),
)
[ info ] [ HEADER ] array (
  'accept' => 'text/css,*/*;q=0.1',
  'accept-encoding' => 'gzip, deflate',
  'accept-language' => 'zh-CN,zh;q=0.9',
  'connection' => 'keep-alive',
  'cookie' => 'pgv_pvi=1832999936; pgv_si=s7618956288; PHPSESSID=2p74ud051p1279qor3norocr3b',
  'host' => 'byu3109350001.my3w.com',
  'referer' => 'http://byu3109350001.my3w.com/index.php/admin/index/index.html',
  'user-agent' => 'Mozilla/5.0 (Windows NT 10.0; WOW64) AppleWebKit/537.36 (KHTML, like Gecko) Chrome/63.0.3239.132 Safari/537.36',
)
[ info ] [ PARAM ] array (
  'public' => 'static',
  'com' => 'app',
  'hadmin' => 'static',
  'admin' => 'css',
)
[ info ] [ LOG ] INIT File
---------------------------------------------------------------
[ 2018-09-04T00:11:19+08:00 ] 172.17.87.134 61.140.124.36 GET /app/public/http://byu3109350001.my3w.com/app/public/http://byu3109350001.my3w.com/app/public/static/hadmin/lib/Hui-iconfont/1.0.8/iconfont.css
[ info ] byu3109350001.my3w.com/app/public/http://byu3109350001.my3w.com/app/public/http://byu3109350001.my3w.com/app/public/static/hadmin/lib/Hui-iconfont/1.0.8/iconfont.css [运行时间：0.153654s][吞吐率：6.51req/s] [内存消耗：407.08kb] [文件加载：48]
[ info ] [ LANG ] /data/home/byu3109350001/htdocs/app/thinkphp/lang/zh-cn.php
[ info ] [ ROUTE ] array (
  'type' => 'module',
  'module' => 
  array (
    0 => 'http:',
    1 => 'byu3109350001.my3w.com',
    2 => 'app',
  ),
)
[ info ] [ HEADER ] array (
  'accept' => 'text/css,*/*;q=0.1',
  'accept-encoding' => 'gzip, deflate',
  'accept-language' => 'zh-CN,zh;q=0.9',
  'connection' => 'keep-alive',
  'cookie' => 'pgv_pvi=1832999936; pgv_si=s7618956288; PHPSESSID=2p74ud051p1279qor3norocr3b',
  'host' => 'byu3109350001.my3w.com',
  'referer' => 'http://byu3109350001.my3w.com/index.php/admin/index/index.html',
  'user-agent' => 'Mozilla/5.0 (Windows NT 10.0; WOW64) AppleWebKit/537.36 (KHTML, like Gecko) Chrome/63.0.3239.132 Safari/537.36',
)
[ info ] [ PARAM ] array (
  'public' => 'static',
  'com' => 'app',
  'hadmin' => 'lib',
  'iconfont' => '1.0.8',
)
[ info ] [ LOG ] INIT File
---------------------------------------------------------------
[ 2018-09-04T00:11:19+08:00 ] 172.17.87.134 61.140.124.36 GET /app/public/http://byu3109350001.my3w.com/app/public/static/hadmin/static/h-ui.admin/skin/default/skin.css
[ info ] byu3109350001.my3w.com/app/public/http://byu3109350001.my3w.com/app/public/static/hadmin/static/h-ui.admin/skin/default/skin.css [运行时间：0.146126s][吞吐率：6.84req/s] [内存消耗：407.02kb] [文件加载：48]
[ info ] [ LANG ] /data/home/byu3109350001/htdocs/app/thinkphp/lang/zh-cn.php
[ info ] [ ROUTE ] array (
  'type' => 'module',
  'module' => 
  array (
    0 => 'http:',
    1 => 'byu3109350001.my3w.com',
    2 => 'app',
  ),
)
[ info ] [ HEADER ] array (
  'accept' => 'text/css,*/*;q=0.1',
  'accept-encoding' => 'gzip, deflate',
  'accept-language' => 'zh-CN,zh;q=0.9',
  'connection' => 'keep-alive',
  'cookie' => 'pgv_pvi=1832999936; pgv_si=s7618956288; PHPSESSID=2p74ud051p1279qor3norocr3b',
  'host' => 'byu3109350001.my3w.com',
  'referer' => 'http://byu3109350001.my3w.com/index.php/admin/index/index.html',
  'user-agent' => 'Mozilla/5.0 (Windows NT 10.0; WOW64) AppleWebKit/537.36 (KHTML, like Gecko) Chrome/63.0.3239.132 Safari/537.36',
)
[ info ] [ PARAM ] array (
  'public' => 'static',
  'hadmin' => 'static',
  'admin' => 'skin',
  'default' => 'skin.css',
)
[ info ] [ LOG ] INIT File
---------------------------------------------------------------
[ 2018-09-04T00:11:19+08:00 ] 172.17.87.134 61.140.124.36 GET /index.php/admin/index/welcome.html
[ info ] byu3109350001.my3w.com/index.php/admin/index/welcome.html [运行时间：0.188324s][吞吐率：5.31req/s] [内存消耗：817.69kb] [文件加载：68]
[ info ] [ LANG ] /data/home/byu3109350001/htdocs/app/thinkphp/lang/zh-cn.php
[ info ] [ ROUTE ] array (
  'type' => 'module',
  'module' => 
  array (
    0 => 'admin',
    1 => 'index',
    2 => 'welcome',
  ),
)
[ info ] [ HEADER ] array (
  'accept' => 'text/html,application/xhtml+xml,application/xml;q=0.9,image/webp,image/apng,*/*;q=0.8',
  'accept-encoding' => 'gzip, deflate',
  'accept-language' => 'zh-CN,zh;q=0.9',
  'connection' => 'keep-alive',
  'cookie' => 'pgv_pvi=1832999936; pgv_si=s7618956288; PHPSESSID=2p74ud051p1279qor3norocr3b',
  'host' => 'byu3109350001.my3w.com',
  'referer' => 'http://byu3109350001.my3w.com/index.php/admin/index/index.html',
  'upgrade-insecure-requests' => '1',
  'user-agent' => 'Mozilla/5.0 (Windows NT 10.0; WOW64) AppleWebKit/537.36 (KHTML, like Gecko) Chrome/63.0.3239.132 Safari/537.36',
)
[ info ] [ PARAM ] array (
)
[ info ] [ SESSION ] INIT array (
  'id' => '',
  'var_session_id' => '',
  'prefix' => 'think',
  'type' => '',
  'auto_start' => true,
)
[ info ] [ RUN ] app\admin\controller\Index->welcome[ /data/home/byu3109350001/htdocs/app/application/admin/controller/Index.php ]
[ info ] [ DB ] INIT mysql
[ info ] [ CACHE ] INIT File
[ info ] [ VIEW ] /data/home/byu3109350001/htdocs/app/public/../application/admin/view/index/welcome.html [ array (
  0 => 'count',
) ]
[ info ] [ LOG ] INIT File
[ sql ] [ DB ] CONNECT:[ UseTime:0.013082s ] mysql:dbname=bdm280513349_db;host=bdm280513349.my3w.com;port=3306;charset=utf8
[ sql ] [ SQL ] SHOW COLUMNS FROM `ent_news` [ RunTime:0.006995s ]
[ sql ] [ SQL ] SELECT `read_count` FROM `ent_news` WHERE  `id` = 1 LIMIT 1 [ RunTime:0.006438s ]
[ sql ] [ SQL ] UPDATE `ent_news`  SET `read_count`=read_count+1  WHERE  `id` = 1 [ RunTime:0.009211s ]
---------------------------------------------------------------
[ 2018-09-04T00:16:32+08:00 ] 172.17.87.134 101.199.112.49 GET /
[ info ] eshuo.top/ [运行时间：0.030249s][吞吐率：33.06req/s] [内存消耗：414.44kb] [文件加载：46]
[ info ] [ LANG ] /data/home/byu3109350001/htdocs/app/thinkphp/lang/zh-cn.php
[ info ] [ ROUTE ] array (
  'type' => 'module',
  'module' => 
  array (
    0 => '',
    1 => NULL,
    2 => NULL,
  ),
)
[ info ] [ HEADER ] array (
  'accept' => 'text/html,application/xhtml+xml,application/xml;q=0.9,*/*;q=0.8',
  'accept-charset' => 'iso-8859-1,*,utf-8',
  'accept-encoding' => 'gzip,deflate',
  'accept-language' => 'zh-CN,zh;q=0.8',
  'connection' => 'keep-alive',
  'host' => 'eshuo.top',
  'user-agent' => 'Mozilla/5.0 (Linux; U; Android 5.0.2; zh-CN; Redmi Note 3 Build/LRX22G) AppleWebKit/537.36 (KHTML, like Gecko) Version/4.0 OPR/11.2.3.102637 Mobile Safari/537.36',
)
[ info ] [ PARAM ] array (
)
[ info ] [ RUN ] app\index\controller\Index->index[ /data/home/byu3109350001/htdocs/app/application/index/controller/Index.php ]
[ info ] [ LOG ] INIT File
---------------------------------------------------------------
[ 2018-09-04T00:17:11+08:00 ] 172.17.87.134 113.10.156.74 GET /
[ info ] eshuo.top/ [运行时间：0.030449s][吞吐率：32.84req/s] [内存消耗：414.89kb] [文件加载：46]
[ info ] [ LANG ] /data/home/byu3109350001/htdocs/app/thinkphp/lang/zh-cn.php
[ info ] [ ROUTE ] array (
  'type' => 'module',
  'module' => 
  array (
    0 => '',
    1 => NULL,
    2 => NULL,
  ),
)
[ info ] [ HEADER ] array (
  'accept' => 'text/html,application/xhtml+xml,application/xml;q=0.9,*/*;q=0.8',
  'accept-charset' => 'iso-8859-1,*,utf-8',
  'accept-encoding' => 'gzip,deflate',
  'accept-language' => 'zh-CN,zh;q=0.8',
  'cache-control' => 'max-age=259200',
  'connection' => 'keep-alive',
  'host' => 'eshuo.top',
  'user-agent' => 'Mozilla/5.0 (Linux; U; Android 5.0.2; zh-CN; Redmi Note 3 Build/LRX22G) AppleWebKit/537.36 (KHTML, like Gecko) Version/4.0 OPR/11.2.3.102637 Mobile Safari/537.36',
)
[ info ] [ PARAM ] array (
)
[ info ] [ RUN ] app\index\controller\Index->index[ /data/home/byu3109350001/htdocs/app/application/index/controller/Index.php ]
[ info ] [ LOG ] INIT File
---------------------------------------------------------------
[ 2018-09-04T04:03:15+08:00 ] 172.17.87.134 221.11.32.133 HEAD /
[ info ] www.eshuo.top/ [运行时间：0.039113s][吞吐率：25.57req/s] [内存消耗：412.56kb] [文件加载：46]
[ info ] [ LANG ] /data/home/byu3109350001/htdocs/app/thinkphp/lang/zh-cn.php
[ info ] [ ROUTE ] array (
  'type' => 'module',
  'module' => 
  array (
    0 => '',
    1 => NULL,
    2 => NULL,
  ),
)
[ info ] [ HEADER ] array (
  'accept' => '*/*',
  'cache-control' => 'no-cache',
  'host' => 'www.eshuo.top',
  'pragma' => 'no-cache',
  'user-agent' => 'Chrome/57',
)
[ info ] [ PARAM ] array (
)
[ info ] [ RUN ] app\index\controller\Index->index[ /data/home/byu3109350001/htdocs/app/application/index/controller/Index.php ]
[ info ] [ LOG ] INIT File
---------------------------------------------------------------
[ 2018-09-04T09:14:09+08:00 ] 172.17.87.134 60.1.95.188 HEAD /
[ info ] www.eshuo.top/ [运行时间：0.031106s][吞吐率：32.15req/s] [内存消耗：412.56kb] [文件加载：46]
[ info ] [ LANG ] /data/home/byu3109350001/htdocs/app/thinkphp/lang/zh-cn.php
[ info ] [ ROUTE ] array (
  'type' => 'module',
  'module' => 
  array (
    0 => '',
    1 => NULL,
    2 => NULL,
  ),
)
[ info ] [ HEADER ] array (
  'accept' => '*/*',
  'cache-control' => 'no-cache',
  'host' => 'www.eshuo.top',
  'pragma' => 'no-cache',
  'user-agent' => 'Chrome/57',
)
[ info ] [ PARAM ] array (
)
[ info ] [ RUN ] app\index\controller\Index->index[ /data/home/byu3109350001/htdocs/app/application/index/controller/Index.php ]
[ info ] [ LOG ] INIT File
---------------------------------------------------------------
[ 2018-09-04T15:33:19+08:00 ] 172.17.87.134 47.98.157.55 GET /
[ info ] www.eshuo.top/ [运行时间：0.041508s][吞吐率：24.09req/s] [内存消耗：414.27kb] [文件加载：46]
[ info ] [ LANG ] /data/home/byu3109350001/htdocs/app/thinkphp/lang/zh-cn.php
[ info ] [ ROUTE ] array (
  'type' => 'module',
  'module' => 
  array (
    0 => '',
    1 => NULL,
    2 => NULL,
  ),
)
[ info ] [ HEADER ] array (
  'accept' => 'text/html,application/xhtml+xml,application/xml;q=0.9,image/webp,image/apng,*/*;q=0.8',
  'accept-encoding' => 'gzip, deflate',
  'accept-language' => 'zh-CN,zh;q=0.8',
  'connection' => 'keep-alive',
  'host' => 'www.eshuo.top',
  'user-agent' => 'Mozilla/5.0 (Windows NT 10.0; Win64; x64) AppleWebKit/537.36 (KHTML, like Gecko) Chrome/59.0.3071.115 Safari/537.36',
)
[ info ] [ PARAM ] array (
)
[ info ] [ RUN ] app\index\controller\Index->index[ /data/home/byu3109350001/htdocs/app/application/index/controller/Index.php ]
[ info ] [ LOG ] INIT File
---------------------------------------------------------------
[ 2018-09-04T15:33:19+08:00 ] 172.17.87.134 47.98.157.55 GET /index.php
[ info ] www.eshuo.top/index.php [运行时间：0.031350s][吞吐率：31.90req/s] [内存消耗：414.28kb] [文件加载：46]
[ info ] [ LANG ] /data/home/byu3109350001/htdocs/app/thinkphp/lang/zh-cn.php
[ info ] [ ROUTE ] array (
  'type' => 'module',
  'module' => 
  array (
    0 => '',
    1 => NULL,
    2 => NULL,
  ),
)
[ info ] [ HEADER ] array (
  'accept' => 'text/html,application/xhtml+xml,application/xml;q=0.9,image/webp,image/apng,*/*;q=0.8',
  'accept-encoding' => 'gzip, deflate',
  'accept-language' => 'zh-CN,zh;q=0.8',
  'connection' => 'keep-alive',
  'host' => 'www.eshuo.top',
  'user-agent' => 'Mozilla/5.0 (Windows NT 10.0; Win64; x64) AppleWebKit/537.36 (KHTML, like Gecko) Chrome/59.0.3071.115 Safari/537.36',
)
[ info ] [ PARAM ] array (
)
[ info ] [ RUN ] app\index\controller\Index->index[ /data/home/byu3109350001/htdocs/app/application/index/controller/Index.php ]
[ info ] [ LOG ] INIT File
---------------------------------------------------------------
[ 2018-09-04T15:34:35+08:00 ] 172.17.87.134 47.99.97.128 GET /
[ info ] eshuo.top/ [运行时间：0.030989s][吞吐率：32.27req/s] [内存消耗：414.27kb] [文件加载：46]
[ info ] [ LANG ] /data/home/byu3109350001/htdocs/app/thinkphp/lang/zh-cn.php
[ info ] [ ROUTE ] array (
  'type' => 'module',
  'module' => 
  array (
    0 => '',
    1 => NULL,
    2 => NULL,
  ),
)
[ info ] [ HEADER ] array (
  'accept' => 'text/html,application/xhtml+xml,application/xml;q=0.9,image/webp,image/apng,*/*;q=0.8',
  'accept-encoding' => 'gzip, deflate',
  'accept-language' => 'zh-CN,zh;q=0.8',
  'connection' => 'keep-alive',
  'host' => 'eshuo.top',
  'user-agent' => 'Mozilla/5.0 (Windows NT 10.0; Win64; x64) AppleWebKit/537.36 (KHTML, like Gecko) Chrome/59.0.3071.115 Safari/537.36',
)
[ info ] [ PARAM ] array (
)
[ info ] [ RUN ] app\index\controller\Index->index[ /data/home/byu3109350001/htdocs/app/application/index/controller/Index.php ]
[ info ] [ LOG ] INIT File
---------------------------------------------------------------
[ 2018-09-04T15:34:36+08:00 ] 172.17.87.134 47.99.97.128 GET /index.php
[ info ] eshuo.top/index.php [运行时间：0.031912s][吞吐率：31.34req/s] [内存消耗：414.28kb] [文件加载：46]
[ info ] [ LANG ] /data/home/byu3109350001/htdocs/app/thinkphp/lang/zh-cn.php
[ info ] [ ROUTE ] array (
  'type' => 'module',
  'module' => 
  array (
    0 => '',
    1 => NULL,
    2 => NULL,
  ),
)
[ info ] [ HEADER ] array (
  'accept' => 'text/html,application/xhtml+xml,application/xml;q=0.9,image/webp,image/apng,*/*;q=0.8',
  'accept-encoding' => 'gzip, deflate',
  'accept-language' => 'zh-CN,zh;q=0.8',
  'connection' => 'keep-alive',
  'host' => 'eshuo.top',
  'user-agent' => 'Mozilla/5.0 (Windows NT 10.0; Win64; x64) AppleWebKit/537.36 (KHTML, like Gecko) Chrome/59.0.3071.115 Safari/537.36',
)
[ info ] [ PARAM ] array (
)
[ info ] [ RUN ] app\index\controller\Index->index[ /data/home/byu3109350001/htdocs/app/application/index/controller/Index.php ]
[ info ] [ LOG ] INIT File
---------------------------------------------------------------
[ 2018-09-04T18:08:04+08:00 ] 172.17.87.134 119.39.136.48 HEAD /
[ info ] www.eshuo.top/ [运行时间：0.033484s][吞吐率：29.87req/s] [内存消耗：412.56kb] [文件加载：46]
[ info ] [ LANG ] /data/home/byu3109350001/htdocs/app/thinkphp/lang/zh-cn.php
[ info ] [ ROUTE ] array (
  'type' => 'module',
  'module' => 
  array (
    0 => '',
    1 => NULL,
    2 => NULL,
  ),
)
[ info ] [ HEADER ] array (
  'accept' => '*/*',
  'cache-control' => 'no-cache',
  'host' => 'www.eshuo.top',
  'pragma' => 'no-cache',
  'user-agent' => 'Chrome/57',
)
[ info ] [ PARAM ] array (
)
[ info ] [ RUN ] app\index\controller\Index->index[ /data/home/byu3109350001/htdocs/app/application/index/controller/Index.php ]
[ info ] [ LOG ] INIT File
