---------------------------------------------------------------
[ 2018-09-08T04:16:06+08:00 ] 172.17.87.134 116.149.208.95 HEAD /
[ info ] www.eshuo.top/ [运行时间：0.062323s][吞吐率：16.05req/s] [内存消耗：428.70kb] [文件加载：47]
[ info ] [ LANG ] /data/home/byu3109350001/htdocs/app/thinkphp/lang/zh-cn.php
[ info ] [ ROUTE ] array (
  'type' => 'module',
  'module' => 
  array (
    0 => '',
    1 => NULL,
    2 => NULL,
  ),
)
[ info ] [ HEADER ] array (
  'accept' => '*/*',
  'cache-control' => 'no-cache',
  'host' => 'www.eshuo.top',
  'pragma' => 'no-cache',
  'user-agent' => 'Chrome/57',
)
[ info ] [ PARAM ] array (
)
[ info ] [ RUN ] app\index\controller\Index->index[ /data/home/byu3109350001/htdocs/app/application/index/controller/Index.php ]
[ info ] [ LOG ] INIT File
---------------------------------------------------------------
[ 2018-09-08T08:31:33+08:00 ] 172.17.87.134 221.206.182.239 HEAD /
[ info ] www.eshuo.top/ [运行时间：0.031311s][吞吐率：31.94req/s] [内存消耗：428.70kb] [文件加载：47]
[ info ] [ LANG ] /data/home/byu3109350001/htdocs/app/thinkphp/lang/zh-cn.php
[ info ] [ ROUTE ] array (
  'type' => 'module',
  'module' => 
  array (
    0 => '',
    1 => NULL,
    2 => NULL,
  ),
)
[ info ] [ HEADER ] array (
  'accept' => '*/*',
  'cache-control' => 'no-cache',
  'host' => 'www.eshuo.top',
  'pragma' => 'no-cache',
  'user-agent' => 'Chrome/57',
)
[ info ] [ PARAM ] array (
)
[ info ] [ RUN ] app\index\controller\Index->index[ /data/home/byu3109350001/htdocs/app/application/index/controller/Index.php ]
[ info ] [ LOG ] INIT File
---------------------------------------------------------------
[ 2018-09-08T10:17:27+08:00 ] 172.17.87.134 59.188.255.185 GET /
[ info ] eshuo.top/ [运行时间：0.031055s][吞吐率：32.20req/s] [内存消耗：431.47kb] [文件加载：47]
[ info ] [ LANG ] /data/home/byu3109350001/htdocs/app/thinkphp/lang/zh-cn.php
[ info ] [ ROUTE ] array (
  'type' => 'module',
  'module' => 
  array (
    0 => '',
    1 => NULL,
    2 => NULL,
  ),
)
[ info ] [ HEADER ] array (
  'accept' => 'text/html,application/xhtml+xml,application/xml;q=0.9,image/webp,image/apng,*/*;q=0.8',
  'accept-encoding' => 'gzip, deflate',
  'cache-control' => 'max-age=259200',
  'connection' => 'keep-alive',
  'host' => 'eshuo.top',
  'upgrade-insecure-requests' => '1',
  'user-agent' => 'Mozilla/5.0 (Linux; U; Android 5.0.2; zh-CN; Redmi Note 3 Build/LRX22G) AppleWebKit/537.36 (KHTML, like Gecko) Version/4.0 OPR/11.2.3.102637 Mobile Safari/537.36',
)
[ info ] [ PARAM ] array (
)
[ info ] [ RUN ] app\index\controller\Index->index[ /data/home/byu3109350001/htdocs/app/application/index/controller/Index.php ]
[ info ] [ LOG ] INIT File
---------------------------------------------------------------
[ 2018-09-08T12:09:06+08:00 ] 172.17.87.134 180.163.220.66 GET /
[ info ] eshuo.top/ [运行时间：0.031619s][吞吐率：31.63req/s] [内存消耗：431.14kb] [文件加载：47]
[ info ] [ LANG ] /data/home/byu3109350001/htdocs/app/thinkphp/lang/zh-cn.php
[ info ] [ ROUTE ] array (
  'type' => 'module',
  'module' => 
  array (
    0 => '',
    1 => NULL,
    2 => NULL,
  ),
)
[ info ] [ HEADER ] array (
  'accept' => 'text/html,application/xhtml+xml,application/xml;q=0.9,image/webp,image/apng,*/*;q=0.8',
  'accept-encoding' => 'gzip, deflate',
  'connection' => 'keep-alive',
  'host' => 'eshuo.top',
  'upgrade-insecure-requests' => '1',
  'user-agent' => 'Mozilla/5.0 (Linux; U; Android 5.0.2; zh-CN; Redmi Note 3 Build/LRX22G) AppleWebKit/537.36 (KHTML, like Gecko) Version/4.0 OPR/11.2.3.102637 Mobile Safari/537.36',
)
[ info ] [ PARAM ] array (
)
[ info ] [ RUN ] app\index\controller\Index->index[ /data/home/byu3109350001/htdocs/app/application/index/controller/Index.php ]
[ info ] [ LOG ] INIT File
---------------------------------------------------------------
[ 2018-09-08T13:01:36+08:00 ] 172.17.87.134 52.53.201.78 GET /
[ info ] www.eshuo.top/ [运行时间：0.031364s][吞吐率：31.88req/s] [内存消耗：430.42kb] [文件加载：47]
[ info ] [ LANG ] /data/home/byu3109350001/htdocs/app/thinkphp/lang/zh-cn.php
[ info ] [ ROUTE ] array (
  'type' => 'module',
  'module' => 
  array (
    0 => '',
    1 => NULL,
    2 => NULL,
  ),
)
[ info ] [ HEADER ] array (
  'accept' => '*/*',
  'accept-encoding' => 'gzip',
  'host' => 'www.eshuo.top',
  'user-agent' => 'Mozilla/5.0 (Macintosh; Intel Mac OS X 10_12_6) AppleWebKit/537.36 (KHTML, like Gecko) Chrome/61.0.3163.100 Safari/537.36',
)
[ info ] [ PARAM ] array (
)
[ info ] [ RUN ] app\index\controller\Index->index[ /data/home/byu3109350001/htdocs/app/application/index/controller/Index.php ]
[ info ] [ LOG ] INIT File
---------------------------------------------------------------
[ 2018-09-08T14:27:31+08:00 ] 172.17.87.134 182.118.107.56 GET /
[ info ] www.eshuo.top/ [运行时间：0.032052s][吞吐率：31.20req/s] [内存消耗：431.19kb] [文件加载：47]
[ info ] [ LANG ] /data/home/byu3109350001/htdocs/app/thinkphp/lang/zh-cn.php
[ info ] [ ROUTE ] array (
  'type' => 'module',
  'module' => 
  array (
    0 => '',
    1 => NULL,
    2 => NULL,
  ),
)
[ info ] [ HEADER ] array (
  'accept' => 'text/html,application/xhtml+xml,application/xml;q=0.9,image/webp,image/apng,*/*;q=0.8',
  'accept-encoding' => 'gzip, deflate',
  'accept-language' => 'zh-CN,zh;q=0.9',
  'connection' => 'keep-alive',
  'host' => 'www.eshuo.top',
  'upgrade-insecure-requests' => '1',
  'user-agent' => 'Mozilla/5.0 (Windows NT 10.0; WOW64) AppleWebKit/537.36 (KHTML, like Gecko) Chrome/63.0.3239.132 Safari/537.36',
)
[ info ] [ PARAM ] array (
)
[ info ] [ RUN ] app\index\controller\Index->index[ /data/home/byu3109350001/htdocs/app/application/index/controller/Index.php ]
[ info ] [ LOG ] INIT File
---------------------------------------------------------------
[ 2018-09-08T19:29:53+08:00 ] 172.17.87.134 207.46.13.157 GET /
[ info ] eshuo.top/ [运行时间：0.033794s][吞吐率：29.59req/s] [内存消耗：431.24kb] [文件加载：47]
[ info ] [ LANG ] /data/home/byu3109350001/htdocs/app/thinkphp/lang/zh-cn.php
[ info ] [ ROUTE ] array (
  'type' => 'module',
  'module' => 
  array (
    0 => '',
    1 => NULL,
    2 => NULL,
  ),
)
[ info ] [ HEADER ] array (
  'accept' => '*/*',
  'accept-encoding' => 'gzip, deflate',
  'cache-control' => 'no-cache',
  'connection' => 'Keep-Alive',
  'from' => 'bingbot(at)microsoft.com',
  'host' => 'eshuo.top',
  'pragma' => 'no-cache',
  'user-agent' => 'Mozilla/5.0 (iPhone; CPU iPhone OS 7_0 like Mac OS X) AppleWebKit/537.51.1 (KHTML, like Gecko) Version/7.0 Mobile/11A465 Safari/9537.53 (compatible; bingbot/2.0; +http://www.bing.com/bingbot.htm)',
)
[ info ] [ PARAM ] array (
)
[ info ] [ RUN ] app\index\controller\Index->index[ /data/home/byu3109350001/htdocs/app/application/index/controller/Index.php ]
[ info ] [ LOG ] INIT File
---------------------------------------------------------------
[ 2018-09-08T19:47:59+08:00 ] 172.17.87.134 101.199.120.145 GET /
[ info ] www.eshuo.top/ [运行时间：0.062191s][吞吐率：16.08req/s] [内存消耗：431.05kb] [文件加载：47]
[ info ] [ LANG ] /data/home/byu3109350001/htdocs/app/thinkphp/lang/zh-cn.php
[ info ] [ ROUTE ] array (
  'type' => 'module',
  'module' => 
  array (
    0 => '',
    1 => NULL,
    2 => NULL,
  ),
)
[ info ] [ HEADER ] array (
  'accept' => 'text/html,application/xhtml+xml,application/xml;q=0.9,image/webp,image/apng,*/*;q=0.8',
  'accept-encoding' => 'gzip, deflate',
  'connection' => 'keep-alive',
  'host' => 'www.eshuo.top',
  'upgrade-insecure-requests' => '1',
  'user-agent' => 'Mozilla/5.0 (X11; Linux x86_64) AppleWebKit/537.36 (KHTML, like Gecko) HeadlessChrome/64.0.3282.119 Safari/537.36',
)
[ info ] [ PARAM ] array (
)
[ info ] [ RUN ] app\index\controller\Index->index[ /data/home/byu3109350001/htdocs/app/application/index/controller/Index.php ]
[ info ] [ LOG ] INIT File
---------------------------------------------------------------
[ 2018-09-08T21:47:09+08:00 ] 172.17.87.134 123.155.243.80 HEAD /
[ info ] www.eshuo.top/ [运行时间：0.031510s][吞吐率：31.74req/s] [内存消耗：428.70kb] [文件加载：47]
[ info ] [ LANG ] /data/home/byu3109350001/htdocs/app/thinkphp/lang/zh-cn.php
[ info ] [ ROUTE ] array (
  'type' => 'module',
  'module' => 
  array (
    0 => '',
    1 => NULL,
    2 => NULL,
  ),
)
[ info ] [ HEADER ] array (
  'accept' => '*/*',
  'cache-control' => 'no-cache',
  'host' => 'www.eshuo.top',
  'pragma' => 'no-cache',
  'user-agent' => 'Chrome/57',
)
[ info ] [ PARAM ] array (
)
[ info ] [ RUN ] app\index\controller\Index->index[ /data/home/byu3109350001/htdocs/app/application/index/controller/Index.php ]
[ info ] [ LOG ] INIT File
