---------------------------------------------------------------
[ 2018-09-09T00:01:29+08:00 ] 172.17.87.134 112.18.148.179 HEAD /
[ info ] eshuo.top/ [运行时间：0.031340s][吞吐率：31.91req/s] [内存消耗：428.70kb] [文件加载：47]
[ info ] [ LANG ] /data/home/byu3109350001/htdocs/app/thinkphp/lang/zh-cn.php
[ info ] [ ROUTE ] array (
  'type' => 'module',
  'module' => 
  array (
    0 => '',
    1 => NULL,
    2 => NULL,
  ),
)
[ info ] [ HEADER ] array (
  'accept' => '*/*',
  'cache-control' => 'no-cache',
  'host' => 'eshuo.top',
  'pragma' => 'no-cache',
  'user-agent' => 'Chrome/57',
)
[ info ] [ PARAM ] array (
)
[ info ] [ RUN ] app\index\controller\Index->index[ /data/home/byu3109350001/htdocs/app/application/index/controller/Index.php ]
[ info ] [ LOG ] INIT File
---------------------------------------------------------------
[ 2018-09-09T01:11:17+08:00 ] 172.17.87.134 124.161.223.165 HEAD /
[ info ] www.eshuo.top/ [运行时间：0.032699s][吞吐率：30.58req/s] [内存消耗：428.70kb] [文件加载：47]
[ info ] [ LANG ] /data/home/byu3109350001/htdocs/app/thinkphp/lang/zh-cn.php
[ info ] [ ROUTE ] array (
  'type' => 'module',
  'module' => 
  array (
    0 => '',
    1 => NULL,
    2 => NULL,
  ),
)
[ info ] [ HEADER ] array (
  'accept' => '*/*',
  'cache-control' => 'no-cache',
  'host' => 'www.eshuo.top',
  'pragma' => 'no-cache',
  'user-agent' => 'Chrome/57',
)
[ info ] [ PARAM ] array (
)
[ info ] [ RUN ] app\index\controller\Index->index[ /data/home/byu3109350001/htdocs/app/application/index/controller/Index.php ]
[ info ] [ LOG ] INIT File
---------------------------------------------------------------
[ 2018-09-09T03:55:04+08:00 ] 172.17.87.134 106.14.120.193 GET /
[ info ] www.eshuo.top/ [运行时间：0.030300s][吞吐率：33.00req/s] [内存消耗：430.34kb] [文件加载：47]
[ info ] [ LANG ] /data/home/byu3109350001/htdocs/app/thinkphp/lang/zh-cn.php
[ info ] [ ROUTE ] array (
  'type' => 'module',
  'module' => 
  array (
    0 => '',
    1 => NULL,
    2 => NULL,
  ),
)
[ info ] [ HEADER ] array (
  'accept' => 'text/html, image/gif, image/jpeg, *; q=.2, */*; q=.2',
  'connection' => 'keep-alive',
  'host' => 'www.eshuo.top',
  'user-agent' => 'Mozilla/5.0 (iPhone; CPU iPhone OS 8_0_2 like Mac OS X)',
)
[ info ] [ PARAM ] array (
)
[ info ] [ RUN ] app\index\controller\Index->index[ /data/home/byu3109350001/htdocs/app/application/index/controller/Index.php ]
[ info ] [ LOG ] INIT File
---------------------------------------------------------------
[ 2018-09-09T10:22:42+08:00 ] 172.17.87.134 180.163.220.68 GET /
[ info ] eshuo.top/ [运行时间：0.031247s][吞吐率：32.00req/s] [内存消耗：431.14kb] [文件加载：47]
[ info ] [ LANG ] /data/home/byu3109350001/htdocs/app/thinkphp/lang/zh-cn.php
[ info ] [ ROUTE ] array (
  'type' => 'module',
  'module' => 
  array (
    0 => '',
    1 => NULL,
    2 => NULL,
  ),
)
[ info ] [ HEADER ] array (
  'accept' => 'text/html,application/xhtml+xml,application/xml;q=0.9,image/webp,image/apng,*/*;q=0.8',
  'accept-encoding' => 'gzip, deflate',
  'connection' => 'keep-alive',
  'host' => 'eshuo.top',
  'upgrade-insecure-requests' => '1',
  'user-agent' => 'Mozilla/5.0 (Linux; U; Android 5.0.2; zh-CN; Redmi Note 3 Build/LRX22G) AppleWebKit/537.36 (KHTML, like Gecko) Version/4.0 OPR/11.2.3.102637 Mobile Safari/537.36',
)
[ info ] [ PARAM ] array (
)
[ info ] [ RUN ] app\index\controller\Index->index[ /data/home/byu3109350001/htdocs/app/application/index/controller/Index.php ]
[ info ] [ LOG ] INIT File
---------------------------------------------------------------
[ 2018-09-09T10:22:47+08:00 ] 172.17.87.134 47.75.240.159 GET /
[ info ] eshuo.top/ [运行时间：0.030511s][吞吐率：32.77req/s] [内存消耗：431.47kb] [文件加载：47]
[ info ] [ LANG ] /data/home/byu3109350001/htdocs/app/thinkphp/lang/zh-cn.php
[ info ] [ ROUTE ] array (
  'type' => 'module',
  'module' => 
  array (
    0 => '',
    1 => NULL,
    2 => NULL,
  ),
)
[ info ] [ HEADER ] array (
  'accept' => 'text/html,application/xhtml+xml,application/xml;q=0.9,image/webp,image/apng,*/*;q=0.8',
  'accept-encoding' => 'gzip, deflate',
  'cache-control' => 'max-age=259200',
  'connection' => 'keep-alive',
  'host' => 'eshuo.top',
  'upgrade-insecure-requests' => '1',
  'user-agent' => 'Mozilla/5.0 (Linux; U; Android 5.0.2; zh-CN; Redmi Note 3 Build/LRX22G) AppleWebKit/537.36 (KHTML, like Gecko) Version/4.0 OPR/11.2.3.102637 Mobile Safari/537.36',
)
[ info ] [ PARAM ] array (
)
[ info ] [ RUN ] app\index\controller\Index->index[ /data/home/byu3109350001/htdocs/app/application/index/controller/Index.php ]
[ info ] [ LOG ] INIT File
---------------------------------------------------------------
[ 2018-09-09T10:28:26+08:00 ] 172.17.87.134 123.1.154.216 GET /
[ info ] eshuo.top/ [运行时间：0.031394s][吞吐率：31.85req/s] [内存消耗：431.47kb] [文件加载：47]
[ info ] [ LANG ] /data/home/byu3109350001/htdocs/app/thinkphp/lang/zh-cn.php
[ info ] [ ROUTE ] array (
  'type' => 'module',
  'module' => 
  array (
    0 => '',
    1 => NULL,
    2 => NULL,
  ),
)
[ info ] [ HEADER ] array (
  'accept' => 'text/html,application/xhtml+xml,application/xml;q=0.9,image/webp,image/apng,*/*;q=0.8',
  'accept-encoding' => 'gzip, deflate',
  'cache-control' => 'max-age=259200',
  'connection' => 'keep-alive',
  'host' => 'eshuo.top',
  'upgrade-insecure-requests' => '1',
  'user-agent' => 'Mozilla/5.0 (Linux; U; Android 5.0.2; zh-CN; Redmi Note 3 Build/LRX22G) AppleWebKit/537.36 (KHTML, like Gecko) Version/4.0 OPR/11.2.3.102637 Mobile Safari/537.36',
)
[ info ] [ PARAM ] array (
)
[ info ] [ RUN ] app\index\controller\Index->index[ /data/home/byu3109350001/htdocs/app/application/index/controller/Index.php ]
[ info ] [ LOG ] INIT File
---------------------------------------------------------------
[ 2018-09-09T11:21:19+08:00 ] 172.17.87.134 183.198.55.198 HEAD /
[ info ] www.eshuo.top/ [运行时间：0.038737s][吞吐率：25.82req/s] [内存消耗：428.70kb] [文件加载：47]
[ info ] [ LANG ] /data/home/byu3109350001/htdocs/app/thinkphp/lang/zh-cn.php
[ info ] [ ROUTE ] array (
  'type' => 'module',
  'module' => 
  array (
    0 => '',
    1 => NULL,
    2 => NULL,
  ),
)
[ info ] [ HEADER ] array (
  'accept' => '*/*',
  'cache-control' => 'no-cache',
  'host' => 'www.eshuo.top',
  'pragma' => 'no-cache',
  'user-agent' => 'Chrome/57',
)
[ info ] [ PARAM ] array (
)
[ info ] [ RUN ] app\index\controller\Index->index[ /data/home/byu3109350001/htdocs/app/application/index/controller/Index.php ]
[ info ] [ LOG ] INIT File
---------------------------------------------------------------
[ 2018-09-09T12:00:51+08:00 ] 172.17.87.134 220.181.132.198 GET /
[ info ] eshuo.top/ [运行时间：0.031151s][吞吐率：32.10req/s] [内存消耗：431.22kb] [文件加载：47]
[ info ] [ LANG ] /data/home/byu3109350001/htdocs/app/thinkphp/lang/zh-cn.php
[ info ] [ ROUTE ] array (
  'type' => 'module',
  'module' => 
  array (
    0 => '',
    1 => NULL,
    2 => NULL,
  ),
)
[ info ] [ HEADER ] array (
  'accept' => 'text/html,application/xhtml+xml,application/xml;q=0.9,*/*;q=0.8',
  'accept-charset' => 'iso-8859-1,*,utf-8',
  'accept-encoding' => 'gzip,deflate',
  'accept-language' => 'zh-CN,zh;q=0.8',
  'connection' => 'keep-alive',
  'host' => 'eshuo.top',
  'referer' => 'http://eshuo.top/',
  'user-agent' => 'Mozilla/5.0 (Windows NT 6.1) AppleWebKit/537.36 (KHTML, like Gecko) Chrome/36.0.1985.125 Safari/537.36',
)
[ info ] [ PARAM ] array (
)
[ info ] [ RUN ] app\index\controller\Index->index[ /data/home/byu3109350001/htdocs/app/application/index/controller/Index.php ]
[ info ] [ LOG ] INIT File
---------------------------------------------------------------
[ 2018-09-09T12:00:56+08:00 ] 172.17.87.134 180.163.220.46 GET /
[ info ] eshuo.top/ [运行时间：0.031462s][吞吐率：31.78req/s] [内存消耗：431.02kb] [文件加载：47]
[ info ] [ LANG ] /data/home/byu3109350001/htdocs/app/thinkphp/lang/zh-cn.php
[ info ] [ ROUTE ] array (
  'type' => 'module',
  'module' => 
  array (
    0 => '',
    1 => NULL,
    2 => NULL,
  ),
)
[ info ] [ HEADER ] array (
  'accept' => 'text/html,application/xhtml+xml,application/xml;q=0.9,*/*;q=0.8',
  'accept-encoding' => 'gzip, deflate',
  'accept-language' => 'en,*',
  'connection' => 'Keep-Alive',
  'host' => 'eshuo.top',
  'user-agent' => 'Mozilla/5.0 (Windows NT 6.1; WOW64) AppleWebKit/537.36 (KHTML, like Gecko) Chrome/50.0.2661.102 Safari/537.36',
)
[ info ] [ PARAM ] array (
)
[ info ] [ RUN ] app\index\controller\Index->index[ /data/home/byu3109350001/htdocs/app/application/index/controller/Index.php ]
[ info ] [ LOG ] INIT File
---------------------------------------------------------------
[ 2018-09-09T16:28:19+08:00 ] 172.17.87.134 124.126.13.30 HEAD /
[ info ] www.eshuo.top/ [运行时间：0.031392s][吞吐率：31.86req/s] [内存消耗：429.74kb] [文件加载：47]
[ info ] [ LANG ] /data/home/byu3109350001/htdocs/app/thinkphp/lang/zh-cn.php
[ info ] [ ROUTE ] array (
  'type' => 'module',
  'module' => 
  array (
    0 => '',
    1 => NULL,
    2 => NULL,
  ),
)
[ info ] [ HEADER ] array (
  'accept' => 'text/html,application/xhtml+xml,application/xml;q=0.9,image/webp,*/*;q=0.8',
  'accept-language' => 'zh-CN,zh;q=0.8',
  'connection' => 'keep-alive',
  'host' => 'www.eshuo.top',
  'upgrade-insecure-requests' => '0',
  'user-agent' => 'Mozilla/5.0 (Windows NT 6.1; WOW64) AppleWebKit/537.36 (KHTML, like Gecko) Chrome/58.0.3029.81 Safari/537.36',
)
[ info ] [ PARAM ] array (
)
[ info ] [ RUN ] app\index\controller\Index->index[ /data/home/byu3109350001/htdocs/app/application/index/controller/Index.php ]
[ info ] [ LOG ] INIT File
---------------------------------------------------------------
[ 2018-09-09T19:24:12+08:00 ] 172.17.87.134 223.73.142.254 HEAD /
[ info ] eshuo.top/ [运行时间：0.031490s][吞吐率：31.76req/s] [内存消耗：428.70kb] [文件加载：47]
[ info ] [ LANG ] /data/home/byu3109350001/htdocs/app/thinkphp/lang/zh-cn.php
[ info ] [ ROUTE ] array (
  'type' => 'module',
  'module' => 
  array (
    0 => '',
    1 => NULL,
    2 => NULL,
  ),
)
[ info ] [ HEADER ] array (
  'accept' => '*/*',
  'cache-control' => 'no-cache',
  'host' => 'eshuo.top',
  'pragma' => 'no-cache',
  'user-agent' => 'Chrome/57',
)
[ info ] [ PARAM ] array (
)
[ info ] [ RUN ] app\index\controller\Index->index[ /data/home/byu3109350001/htdocs/app/application/index/controller/Index.php ]
[ info ] [ LOG ] INIT File
---------------------------------------------------------------
[ 2018-09-09T21:35:31+08:00 ] 172.17.87.134 115.196.64.226 HEAD /
[ info ] www.eshuo.top/ [运行时间：0.061102s][吞吐率：16.37req/s] [内存消耗：428.70kb] [文件加载：47]
[ info ] [ LANG ] /data/home/byu3109350001/htdocs/app/thinkphp/lang/zh-cn.php
[ info ] [ ROUTE ] array (
  'type' => 'module',
  'module' => 
  array (
    0 => '',
    1 => NULL,
    2 => NULL,
  ),
)
[ info ] [ HEADER ] array (
  'accept' => '*/*',
  'cache-control' => 'no-cache',
  'host' => 'www.eshuo.top',
  'pragma' => 'no-cache',
  'user-agent' => 'Chrome/57',
)
[ info ] [ PARAM ] array (
)
[ info ] [ RUN ] app\index\controller\Index->index[ /data/home/byu3109350001/htdocs/app/application/index/controller/Index.php ]
[ info ] [ LOG ] INIT File
