---------------------------------------------------------------
[ 2018-09-10T02:18:18+08:00 ] 172.17.87.134 218.204.232.122 HEAD /
[ info ] www.eshuo.top/ [运行时间：0.060174s][吞吐率：16.62req/s] [内存消耗：428.70kb] [文件加载：47]
[ info ] [ LANG ] /data/home/byu3109350001/htdocs/app/thinkphp/lang/zh-cn.php
[ info ] [ ROUTE ] array (
  'type' => 'module',
  'module' => 
  array (
    0 => '',
    1 => NULL,
    2 => NULL,
  ),
)
[ info ] [ HEADER ] array (
  'accept' => '*/*',
  'cache-control' => 'no-cache',
  'host' => 'www.eshuo.top',
  'pragma' => 'no-cache',
  'user-agent' => 'Chrome/57',
)
[ info ] [ PARAM ] array (
)
[ info ] [ RUN ] app\index\controller\Index->index[ /data/home/byu3109350001/htdocs/app/application/index/controller/Index.php ]
[ info ] [ LOG ] INIT File
---------------------------------------------------------------
[ 2018-09-10T05:19:19+08:00 ] 172.17.87.134 202.173.11.248 GET /
[ info ] www.eshuo.top/ [运行时间：0.054964s][吞吐率：18.19req/s] [内存消耗：432.08kb] [文件加载：47]
[ info ] [ LANG ] /data/home/byu3109350001/htdocs/app/thinkphp/lang/zh-cn.php
[ info ] [ ROUTE ] array (
  'type' => 'module',
  'module' => 
  array (
    0 => '',
    1 => NULL,
    2 => NULL,
  ),
)
[ info ] [ HEADER ] array (
  'accept' => 'text/html,application/xhtml+xml,application/xml;q=0.9,image/webp,*/*;q=0.8',
  'accept-encoding' => 'gzip, deflate',
  'accept-language' => 'zh-CN,zh;q=0.8',
  'cache-control' => 'no-cache',
  'connection' => 'keep-alive',
  'dnt' => '1',
  'host' => 'www.eshuo.top',
  'pragma' => 'no-cache',
  'referer' => 'http://www.eshuo.top',
  'user-agent' => 'Mozilla/5.0 (Windows NT 10.0; Win64; x64) AppleWebKit/537.36 (KHTML, like Gecko) Chrome/56.0.2924.87 Safari/537.36',
)
[ info ] [ PARAM ] array (
)
[ info ] [ RUN ] app\index\controller\Index->index[ /data/home/byu3109350001/htdocs/app/application/index/controller/Index.php ]
[ info ] [ LOG ] INIT File
---------------------------------------------------------------
[ 2018-09-10T06:56:06+08:00 ] 172.17.87.134 139.205.20.53 HEAD /
[ info ] www.eshuo.top/ [运行时间：0.060123s][吞吐率：16.63req/s] [内存消耗：428.70kb] [文件加载：47]
[ info ] [ LANG ] /data/home/byu3109350001/htdocs/app/thinkphp/lang/zh-cn.php
[ info ] [ ROUTE ] array (
  'type' => 'module',
  'module' => 
  array (
    0 => '',
    1 => NULL,
    2 => NULL,
  ),
)
[ info ] [ HEADER ] array (
  'accept' => '*/*',
  'cache-control' => 'no-cache',
  'host' => 'www.eshuo.top',
  'pragma' => 'no-cache',
  'user-agent' => 'Chrome/57',
)
[ info ] [ PARAM ] array (
)
[ info ] [ RUN ] app\index\controller\Index->index[ /data/home/byu3109350001/htdocs/app/application/index/controller/Index.php ]
[ info ] [ LOG ] INIT File
---------------------------------------------------------------
[ 2018-09-10T07:38:40+08:00 ] 172.17.87.134 27.115.124.67 GET /
[ info ] eshuo.top/ [运行时间：0.030598s][吞吐率：32.68req/s] [内存消耗：431.26kb] [文件加载：47]
[ info ] [ LANG ] /data/home/byu3109350001/htdocs/app/thinkphp/lang/zh-cn.php
[ info ] [ ROUTE ] array (
  'type' => 'module',
  'module' => 
  array (
    0 => '',
    1 => NULL,
    2 => NULL,
  ),
)
[ info ] [ HEADER ] array (
  'accept' => 'text/html,application/xhtml+xml,application/xml;q=0.9,image/webp,image/apng,*/*;q=0.8',
  'accept-encoding' => 'gzip, deflate',
  'cache-control' => 'no-cache',
  'connection' => 'keep-alive',
  'host' => 'eshuo.top',
  'pragma' => 'no-cache',
  'upgrade-insecure-requests' => '1',
  'user-agent' => 'Mozilla/5.0 (Windows NT 10.0; WOW64) AppleWebKit/537.36 (KHTML, like Gecko) Chrome/67.0.3396.79 Safari/537.36',
)
[ info ] [ PARAM ] array (
)
[ info ] [ RUN ] app\index\controller\Index->index[ /data/home/byu3109350001/htdocs/app/application/index/controller/Index.php ]
[ info ] [ LOG ] INIT File
---------------------------------------------------------------
[ 2018-09-10T11:43:48+08:00 ] 172.17.87.134 182.109.136.67 HEAD /
[ info ] www.eshuo.top/ [运行时间：0.031508s][吞吐率：31.74req/s] [内存消耗：428.70kb] [文件加载：47]
[ info ] [ LANG ] /data/home/byu3109350001/htdocs/app/thinkphp/lang/zh-cn.php
[ info ] [ ROUTE ] array (
  'type' => 'module',
  'module' => 
  array (
    0 => '',
    1 => NULL,
    2 => NULL,
  ),
)
[ info ] [ HEADER ] array (
  'accept' => '*/*',
  'cache-control' => 'no-cache',
  'host' => 'www.eshuo.top',
  'pragma' => 'no-cache',
  'user-agent' => 'Chrome/57',
)
[ info ] [ PARAM ] array (
)
[ info ] [ RUN ] app\index\controller\Index->index[ /data/home/byu3109350001/htdocs/app/application/index/controller/Index.php ]
[ info ] [ LOG ] INIT File
---------------------------------------------------------------
[ 2018-09-10T15:49:03+08:00 ] 172.17.87.134 223.90.22.78 HEAD /
[ info ] www.eshuo.top/ [运行时间：0.031116s][吞吐率：32.14req/s] [内存消耗：428.70kb] [文件加载：47]
[ info ] [ LANG ] /data/home/byu3109350001/htdocs/app/thinkphp/lang/zh-cn.php
[ info ] [ ROUTE ] array (
  'type' => 'module',
  'module' => 
  array (
    0 => '',
    1 => NULL,
    2 => NULL,
  ),
)
[ info ] [ HEADER ] array (
  'accept' => '*/*',
  'cache-control' => 'no-cache',
  'host' => 'www.eshuo.top',
  'pragma' => 'no-cache',
  'user-agent' => 'Chrome/57',
)
[ info ] [ PARAM ] array (
)
[ info ] [ RUN ] app\index\controller\Index->index[ /data/home/byu3109350001/htdocs/app/application/index/controller/Index.php ]
[ info ] [ LOG ] INIT File
---------------------------------------------------------------
[ 2018-09-10T21:52:07+08:00 ] 172.17.87.134 157.55.39.104 GET /
[ info ] eshuo.top/ [运行时间：0.065984s][吞吐率：15.16req/s] [内存消耗：431.24kb] [文件加载：47]
[ info ] [ LANG ] /data/home/byu3109350001/htdocs/app/thinkphp/lang/zh-cn.php
[ info ] [ ROUTE ] array (
  'type' => 'module',
  'module' => 
  array (
    0 => '',
    1 => NULL,
    2 => NULL,
  ),
)
[ info ] [ HEADER ] array (
  'accept' => '*/*',
  'accept-encoding' => 'gzip, deflate',
  'cache-control' => 'no-cache',
  'connection' => 'Keep-Alive',
  'from' => 'bingbot(at)microsoft.com',
  'host' => 'eshuo.top',
  'pragma' => 'no-cache',
  'user-agent' => 'Mozilla/5.0 (iPhone; CPU iPhone OS 7_0 like Mac OS X) AppleWebKit/537.51.1 (KHTML, like Gecko) Version/7.0 Mobile/11A465 Safari/9537.53 (compatible; bingbot/2.0; +http://www.bing.com/bingbot.htm)',
)
[ info ] [ PARAM ] array (
)
[ info ] [ RUN ] app\index\controller\Index->index[ /data/home/byu3109350001/htdocs/app/application/index/controller/Index.php ]
[ info ] [ LOG ] INIT File
---------------------------------------------------------------
[ 2018-09-10T22:39:54+08:00 ] 172.17.87.134 171.12.116.208 HEAD /
[ info ] www.eshuo.top/ [运行时间：0.031060s][吞吐率：32.20req/s] [内存消耗：428.70kb] [文件加载：47]
[ info ] [ LANG ] /data/home/byu3109350001/htdocs/app/thinkphp/lang/zh-cn.php
[ info ] [ ROUTE ] array (
  'type' => 'module',
  'module' => 
  array (
    0 => '',
    1 => NULL,
    2 => NULL,
  ),
)
[ info ] [ HEADER ] array (
  'accept' => '*/*',
  'cache-control' => 'no-cache',
  'host' => 'www.eshuo.top',
  'pragma' => 'no-cache',
  'user-agent' => 'Chrome/57',
)
[ info ] [ PARAM ] array (
)
[ info ] [ RUN ] app\index\controller\Index->index[ /data/home/byu3109350001/htdocs/app/application/index/controller/Index.php ]
[ info ] [ LOG ] INIT File
---------------------------------------------------------------
[ 2018-09-10T22:45:46+08:00 ] 172.17.87.134 101.132.153.242 GET /
[ info ] www.eshuo.top/ [运行时间：0.127723s][吞吐率：7.83req/s] [内存消耗：430.34kb] [文件加载：47]
[ info ] [ LANG ] /data/home/byu3109350001/htdocs/app/thinkphp/lang/zh-cn.php
[ info ] [ ROUTE ] array (
  'type' => 'module',
  'module' => 
  array (
    0 => '',
    1 => NULL,
    2 => NULL,
  ),
)
[ info ] [ HEADER ] array (
  'accept' => 'text/html, image/gif, image/jpeg, *; q=.2, */*; q=.2',
  'connection' => 'keep-alive',
  'host' => 'www.eshuo.top',
  'user-agent' => 'Mozilla/5.0 (iPhone; CPU iPhone OS 8_0_2 like Mac OS X)',
)
[ info ] [ PARAM ] array (
)
[ info ] [ RUN ] app\index\controller\Index->index[ /data/home/byu3109350001/htdocs/app/application/index/controller/Index.php ]
[ info ] [ LOG ] INIT File
