---------------------------------------------------------------
[ 2018-09-13T04:47:49+08:00 ] 172.17.87.134 52.53.201.78 GET /
[ info ] www.eshuo.top/ [运行时间：0.066704s][吞吐率：14.99req/s] [内存消耗：430.41kb] [文件加载：47]
[ info ] [ LANG ] /data/home/byu3109350001/htdocs/app/thinkphp/lang/zh-cn.php
[ info ] [ ROUTE ] array (
  'type' => 'module',
  'module' => 
  array (
    0 => '',
    1 => NULL,
    2 => NULL,
  ),
)
[ info ] [ HEADER ] array (
  'accept' => '*/*',
  'accept-encoding' => 'gzip',
  'host' => 'www.eshuo.top',
  'user-agent' => 'Mozilla/5.0 (Macintosh; Intel Mac OS X 10_12_6) AppleWebKit/537.36 (KHTML, like Gecko) Chrome/61.0.3163.100 Safari/537.36',
)
[ info ] [ PARAM ] array (
)
[ info ] [ RUN ] app\index\controller\Index->index[ /data/home/byu3109350001/htdocs/app/application/index/controller/Index.php ]
[ info ] [ LOG ] INIT File
---------------------------------------------------------------
[ 2018-09-13T05:35:34+08:00 ] 172.17.87.134 203.208.60.96 GET /
[ info ] www.eshuo.top/ [运行时间：0.060524s][吞吐率：16.52req/s] [内存消耗：430.67kb] [文件加载：47]
[ info ] [ LANG ] /data/home/byu3109350001/htdocs/app/thinkphp/lang/zh-cn.php
[ info ] [ ROUTE ] array (
  'type' => 'module',
  'module' => 
  array (
    0 => '',
    1 => NULL,
    2 => NULL,
  ),
)
[ info ] [ HEADER ] array (
  'accept' => 'text/html,application/xhtml+xml,application/xml;q=0.9,*/*;q=0.8',
  'accept-encoding' => 'gzip,deflate,br',
  'connection' => 'keep-alive',
  'from' => 'googlebot(at)googlebot.com',
  'host' => 'www.eshuo.top',
  'user-agent' => 'Mozilla/5.0 (compatible; Googlebot/2.1; +http://www.google.com/bot.html)',
)
[ info ] [ PARAM ] array (
)
[ info ] [ RUN ] app\index\controller\Index->index[ /data/home/byu3109350001/htdocs/app/application/index/controller/Index.php ]
[ info ] [ LOG ] INIT File
---------------------------------------------------------------
[ 2018-09-13T06:05:54+08:00 ] 172.17.87.134 203.208.60.120 GET /
[ info ] www.eshuo.top/ [运行时间：0.126987s][吞吐率：7.87req/s] [内存消耗：431.16kb] [文件加载：47]
[ info ] [ LANG ] /data/home/byu3109350001/htdocs/app/thinkphp/lang/zh-cn.php
[ info ] [ ROUTE ] array (
  'type' => 'module',
  'module' => 
  array (
    0 => '',
    1 => NULL,
    2 => NULL,
  ),
)
[ info ] [ HEADER ] array (
  'accept' => 'text/html,application/xhtml+xml,application/xml;q=0.9,*/*;q=0.8',
  'accept-encoding' => 'gzip,deflate,br',
  'connection' => 'keep-alive',
  'from' => 'googlebot(at)googlebot.com',
  'host' => 'www.eshuo.top',
  'user-agent' => 'Mozilla/5.0 (Linux; Android 6.0.1; Nexus 5X Build/MMB29P) AppleWebKit/537.36 (KHTML, like Gecko) Chrome/41.0.2272.96 Mobile Safari/537.36 (compatible; Googlebot/2.1; +http://www.google.com/bot.html)',
)
[ info ] [ PARAM ] array (
)
[ info ] [ RUN ] app\index\controller\Index->index[ /data/home/byu3109350001/htdocs/app/application/index/controller/Index.php ]
[ info ] [ LOG ] INIT File
---------------------------------------------------------------
[ 2018-09-13T07:21:54+08:00 ] 172.17.87.134 182.147.234.71 HEAD /
[ info ] www.eshuo.top/ [运行时间：0.060007s][吞吐率：16.66req/s] [内存消耗：428.70kb] [文件加载：47]
[ info ] [ LANG ] /data/home/byu3109350001/htdocs/app/thinkphp/lang/zh-cn.php
[ info ] [ ROUTE ] array (
  'type' => 'module',
  'module' => 
  array (
    0 => '',
    1 => NULL,
    2 => NULL,
  ),
)
[ info ] [ HEADER ] array (
  'accept' => '*/*',
  'cache-control' => 'no-cache',
  'host' => 'www.eshuo.top',
  'pragma' => 'no-cache',
  'user-agent' => 'Chrome/57',
)
[ info ] [ PARAM ] array (
)
[ info ] [ RUN ] app\index\controller\Index->index[ /data/home/byu3109350001/htdocs/app/application/index/controller/Index.php ]
[ info ] [ LOG ] INIT File
---------------------------------------------------------------
[ 2018-09-13T07:50:13+08:00 ] 172.17.87.134 203.208.60.106 GET /
[ info ] www.eshuo.top/ [运行时间：0.030773s][吞吐率：32.50req/s] [内存消耗：431.16kb] [文件加载：47]
[ info ] [ LANG ] /data/home/byu3109350001/htdocs/app/thinkphp/lang/zh-cn.php
[ info ] [ ROUTE ] array (
  'type' => 'module',
  'module' => 
  array (
    0 => '',
    1 => NULL,
    2 => NULL,
  ),
)
[ info ] [ HEADER ] array (
  'accept' => 'text/html,application/xhtml+xml,application/xml;q=0.9,*/*;q=0.8',
  'accept-encoding' => 'gzip,deflate,br',
  'connection' => 'keep-alive',
  'from' => 'googlebot(at)googlebot.com',
  'host' => 'www.eshuo.top',
  'user-agent' => 'Mozilla/5.0 (Linux; Android 6.0.1; Nexus 5X Build/MMB29P) AppleWebKit/537.36 (KHTML, like Gecko) Chrome/41.0.2272.96 Mobile Safari/537.36 (compatible; Googlebot/2.1; +http://www.google.com/bot.html)',
)
[ info ] [ PARAM ] array (
)
[ info ] [ RUN ] app\index\controller\Index->index[ /data/home/byu3109350001/htdocs/app/application/index/controller/Index.php ]
[ info ] [ LOG ] INIT File
---------------------------------------------------------------
[ 2018-09-13T11:51:33+08:00 ] 172.17.87.134 203.208.60.15 GET /
[ info ] www.eshuo.top/ [运行时间：0.031142s][吞吐率：32.11req/s] [内存消耗：430.67kb] [文件加载：47]
[ info ] [ LANG ] /data/home/byu3109350001/htdocs/app/thinkphp/lang/zh-cn.php
[ info ] [ ROUTE ] array (
  'type' => 'module',
  'module' => 
  array (
    0 => '',
    1 => NULL,
    2 => NULL,
  ),
)
[ info ] [ HEADER ] array (
  'accept' => 'text/html,application/xhtml+xml,application/xml;q=0.9,*/*;q=0.8',
  'accept-encoding' => 'gzip,deflate,br',
  'connection' => 'keep-alive',
  'from' => 'googlebot(at)googlebot.com',
  'host' => 'www.eshuo.top',
  'user-agent' => 'Mozilla/5.0 (compatible; Googlebot/2.1; +http://www.google.com/bot.html)',
)
[ info ] [ PARAM ] array (
)
[ info ] [ RUN ] app\index\controller\Index->index[ /data/home/byu3109350001/htdocs/app/application/index/controller/Index.php ]
[ info ] [ LOG ] INIT File
---------------------------------------------------------------
[ 2018-09-13T13:32:13+08:00 ] 172.17.87.134 203.208.60.82 GET /
[ info ] www.eshuo.top/ [运行时间：0.066505s][吞吐率：15.04req/s] [内存消耗：431.16kb] [文件加载：47]
[ info ] [ LANG ] /data/home/byu3109350001/htdocs/app/thinkphp/lang/zh-cn.php
[ info ] [ ROUTE ] array (
  'type' => 'module',
  'module' => 
  array (
    0 => '',
    1 => NULL,
    2 => NULL,
  ),
)
[ info ] [ HEADER ] array (
  'accept' => 'text/html,application/xhtml+xml,application/xml;q=0.9,*/*;q=0.8',
  'accept-encoding' => 'gzip,deflate,br',
  'connection' => 'keep-alive',
  'from' => 'googlebot(at)googlebot.com',
  'host' => 'www.eshuo.top',
  'user-agent' => 'Mozilla/5.0 (Linux; Android 6.0.1; Nexus 5X Build/MMB29P) AppleWebKit/537.36 (KHTML, like Gecko) Chrome/41.0.2272.96 Mobile Safari/537.36 (compatible; Googlebot/2.1; +http://www.google.com/bot.html)',
)
[ info ] [ PARAM ] array (
)
[ info ] [ RUN ] app\index\controller\Index->index[ /data/home/byu3109350001/htdocs/app/application/index/controller/Index.php ]
[ info ] [ LOG ] INIT File
---------------------------------------------------------------
[ 2018-09-13T13:42:29+08:00 ] 172.17.87.134 203.208.60.67 GET /
[ info ] www.eshuo.top/ [运行时间：0.030735s][吞吐率：32.54req/s] [内存消耗：430.67kb] [文件加载：47]
[ info ] [ LANG ] /data/home/byu3109350001/htdocs/app/thinkphp/lang/zh-cn.php
[ info ] [ ROUTE ] array (
  'type' => 'module',
  'module' => 
  array (
    0 => '',
    1 => NULL,
    2 => NULL,
  ),
)
[ info ] [ HEADER ] array (
  'accept' => 'text/html,application/xhtml+xml,application/xml;q=0.9,*/*;q=0.8',
  'accept-encoding' => 'gzip,deflate,br',
  'connection' => 'keep-alive',
  'from' => 'googlebot(at)googlebot.com',
  'host' => 'www.eshuo.top',
  'user-agent' => 'Mozilla/5.0 (compatible; Googlebot/2.1; +http://www.google.com/bot.html)',
)
[ info ] [ PARAM ] array (
)
[ info ] [ RUN ] app\index\controller\Index->index[ /data/home/byu3109350001/htdocs/app/application/index/controller/Index.php ]
[ info ] [ LOG ] INIT File
---------------------------------------------------------------
[ 2018-09-13T15:53:21+08:00 ] 172.17.87.134 203.208.60.9 GET /
[ info ] www.eshuo.top/ [运行时间：0.031309s][吞吐率：31.94req/s] [内存消耗：430.67kb] [文件加载：47]
[ info ] [ LANG ] /data/home/byu3109350001/htdocs/app/thinkphp/lang/zh-cn.php
[ info ] [ ROUTE ] array (
  'type' => 'module',
  'module' => 
  array (
    0 => '',
    1 => NULL,
    2 => NULL,
  ),
)
[ info ] [ HEADER ] array (
  'accept' => 'text/html,application/xhtml+xml,application/xml;q=0.9,*/*;q=0.8',
  'accept-encoding' => 'gzip,deflate,br',
  'connection' => 'keep-alive',
  'from' => 'googlebot(at)googlebot.com',
  'host' => 'www.eshuo.top',
  'user-agent' => 'Mozilla/5.0 (compatible; Googlebot/2.1; +http://www.google.com/bot.html)',
)
[ info ] [ PARAM ] array (
)
[ info ] [ RUN ] app\index\controller\Index->index[ /data/home/byu3109350001/htdocs/app/application/index/controller/Index.php ]
[ info ] [ LOG ] INIT File
---------------------------------------------------------------
[ 2018-09-13T17:25:42+08:00 ] 172.17.87.134 221.1.209.27 HEAD /
[ info ] eshuo.top/ [运行时间：0.062841s][吞吐率：15.91req/s] [内存消耗：428.70kb] [文件加载：47]
[ info ] [ LANG ] /data/home/byu3109350001/htdocs/app/thinkphp/lang/zh-cn.php
[ info ] [ ROUTE ] array (
  'type' => 'module',
  'module' => 
  array (
    0 => '',
    1 => NULL,
    2 => NULL,
  ),
)
[ info ] [ HEADER ] array (
  'accept' => '*/*',
  'cache-control' => 'no-cache',
  'host' => 'eshuo.top',
  'pragma' => 'no-cache',
  'user-agent' => 'Chrome/57',
)
[ info ] [ PARAM ] array (
)
[ info ] [ RUN ] app\index\controller\Index->index[ /data/home/byu3109350001/htdocs/app/application/index/controller/Index.php ]
[ info ] [ LOG ] INIT File
---------------------------------------------------------------
[ 2018-09-13T21:23:06+08:00 ] 172.17.87.134 176.9.23.4 GET /
[ info ] www.eshuo.top/ [运行时间：0.030016s][吞吐率：33.32req/s] [内存消耗：429.93kb] [文件加载：47]
[ info ] [ LANG ] /data/home/byu3109350001/htdocs/app/thinkphp/lang/zh-cn.php
[ info ] [ ROUTE ] array (
  'type' => 'module',
  'module' => 
  array (
    0 => '',
    1 => NULL,
    2 => NULL,
  ),
)
[ info ] [ HEADER ] array (
  'accept' => '*/*',
  'host' => 'www.eshuo.top',
  'user-agent' => 'Mozilla/5.0 (compatible; +http://www.hosterstats.com/newgtld-websurvey.php)',
)
[ info ] [ PARAM ] array (
)
[ info ] [ RUN ] app\index\controller\Index->index[ /data/home/byu3109350001/htdocs/app/application/index/controller/Index.php ]
[ info ] [ LOG ] INIT File
---------------------------------------------------------------
[ 2018-09-13T21:46:03+08:00 ] 172.17.87.134 203.208.60.108 GET /
[ info ] www.eshuo.top/ [运行时间：0.029929s][吞吐率：33.41req/s] [内存消耗：431.16kb] [文件加载：47]
[ info ] [ LANG ] /data/home/byu3109350001/htdocs/app/thinkphp/lang/zh-cn.php
[ info ] [ ROUTE ] array (
  'type' => 'module',
  'module' => 
  array (
    0 => '',
    1 => NULL,
    2 => NULL,
  ),
)
[ info ] [ HEADER ] array (
  'accept' => 'text/html,application/xhtml+xml,application/xml;q=0.9,*/*;q=0.8',
  'accept-encoding' => 'gzip,deflate,br',
  'connection' => 'keep-alive',
  'from' => 'googlebot(at)googlebot.com',
  'host' => 'www.eshuo.top',
  'user-agent' => 'Mozilla/5.0 (Linux; Android 6.0.1; Nexus 5X Build/MMB29P) AppleWebKit/537.36 (KHTML, like Gecko) Chrome/41.0.2272.96 Mobile Safari/537.36 (compatible; Googlebot/2.1; +http://www.google.com/bot.html)',
)
[ info ] [ PARAM ] array (
)
[ info ] [ RUN ] app\index\controller\Index->index[ /data/home/byu3109350001/htdocs/app/application/index/controller/Index.php ]
[ info ] [ LOG ] INIT File
---------------------------------------------------------------
[ 2018-09-13T22:26:14+08:00 ] 172.17.87.134 203.208.60.58 GET /
[ info ] www.eshuo.top/ [运行时间：0.030215s][吞吐率：33.10req/s] [内存消耗：430.67kb] [文件加载：47]
[ info ] [ LANG ] /data/home/byu3109350001/htdocs/app/thinkphp/lang/zh-cn.php
[ info ] [ ROUTE ] array (
  'type' => 'module',
  'module' => 
  array (
    0 => '',
    1 => NULL,
    2 => NULL,
  ),
)
[ info ] [ HEADER ] array (
  'accept' => 'text/html,application/xhtml+xml,application/xml;q=0.9,*/*;q=0.8',
  'accept-encoding' => 'gzip,deflate,br',
  'connection' => 'keep-alive',
  'from' => 'googlebot(at)googlebot.com',
  'host' => 'www.eshuo.top',
  'user-agent' => 'Mozilla/5.0 (compatible; Googlebot/2.1; +http://www.google.com/bot.html)',
)
[ info ] [ PARAM ] array (
)
[ info ] [ RUN ] app\index\controller\Index->index[ /data/home/byu3109350001/htdocs/app/application/index/controller/Index.php ]
[ info ] [ LOG ] INIT File
