---------------------------------------------------------------
[ 2018-09-14T00:20:59+08:00 ] 172.17.87.134 149.154.152.28 GET /
[ info ] www.eshuo.top/ [运行时间：0.029928s][吞吐率：33.41req/s] [内存消耗：430.33kb] [文件加载：47]
[ info ] [ LANG ] /data/home/byu3109350001/htdocs/app/thinkphp/lang/zh-cn.php
[ info ] [ ROUTE ] array (
  'type' => 'module',
  'module' => 
  array (
    0 => '',
    1 => NULL,
    2 => NULL,
  ),
)
[ info ] [ HEADER ] array (
  'accept' => '*/*',
  'accept-language' => 'en-US,en;q=0.9,de;q=0.8,*;q=0.1',
  'host' => 'www.eshuo.top',
  'user-agent' => 'Mozilla/5.0 (Windows NT 6.1; WOW64; rv:40.0) Gecko/20100101 Firefox/40.1',
)
[ info ] [ PARAM ] array (
)
[ info ] [ RUN ] app\index\controller\Index->index[ /data/home/byu3109350001/htdocs/app/application/index/controller/Index.php ]
[ info ] [ LOG ] INIT File
---------------------------------------------------------------
[ 2018-09-14T00:24:47+08:00 ] 172.17.87.134 149.154.152.28 GET /
[ info ] eshuo.top/ [运行时间：0.029981s][吞吐率：33.35req/s] [内存消耗：430.34kb] [文件加载：47]
[ info ] [ LANG ] /data/home/byu3109350001/htdocs/app/thinkphp/lang/zh-cn.php
[ info ] [ ROUTE ] array (
  'type' => 'module',
  'module' => 
  array (
    0 => '',
    1 => NULL,
    2 => NULL,
  ),
)
[ info ] [ HEADER ] array (
  'accept' => '*/*',
  'accept-language' => 'en-US,en;q=0.9,de;q=0.8,*;q=0.1',
  'host' => 'eshuo.top',
  'user-agent' => 'Mozilla/5.0 (Windows NT 6.1; WOW64; rv:40.0) Gecko/20100101 Firefox/40.1',
)
[ info ] [ PARAM ] array (
)
[ info ] [ RUN ] app\index\controller\Index->index[ /data/home/byu3109350001/htdocs/app/application/index/controller/Index.php ]
[ info ] [ LOG ] INIT File
---------------------------------------------------------------
[ 2018-09-14T00:24:48+08:00 ] 172.17.87.134 37.235.48.55 GET /
[ info ] www.eshuo.top/ [运行时间：0.029911s][吞吐率：33.43req/s] [内存消耗：430.34kb] [文件加载：47]
[ info ] [ LANG ] /data/home/byu3109350001/htdocs/app/thinkphp/lang/zh-cn.php
[ info ] [ ROUTE ] array (
  'type' => 'module',
  'module' => 
  array (
    0 => '',
    1 => NULL,
    2 => NULL,
  ),
)
[ info ] [ HEADER ] array (
  'accept' => '*/*',
  'accept-language' => 'en-US,en;q=0.9,de;q=0.8,*;q=0.1',
  'host' => 'www.eshuo.top',
  'user-agent' => 'Mozilla/5.0 (Windows NT 6.1; WOW64; rv:40.0) Gecko/20100101 Firefox/40.1',
)
[ info ] [ PARAM ] array (
)
[ info ] [ RUN ] app\index\controller\Index->index[ /data/home/byu3109350001/htdocs/app/application/index/controller/Index.php ]
[ info ] [ LOG ] INIT File
---------------------------------------------------------------
[ 2018-09-14T00:24:49+08:00 ] 172.17.87.134 37.235.48.55 GET /
[ info ] eshuo.top/ [运行时间：0.029998s][吞吐率：33.34req/s] [内存消耗：430.34kb] [文件加载：47]
[ info ] [ LANG ] /data/home/byu3109350001/htdocs/app/thinkphp/lang/zh-cn.php
[ info ] [ ROUTE ] array (
  'type' => 'module',
  'module' => 
  array (
    0 => '',
    1 => NULL,
    2 => NULL,
  ),
)
[ info ] [ HEADER ] array (
  'accept' => '*/*',
  'accept-language' => 'en-US,en;q=0.9,de;q=0.8,*;q=0.1',
  'host' => 'eshuo.top',
  'user-agent' => 'Mozilla/5.0 (Windows NT 6.1; WOW64; rv:40.0) Gecko/20100101 Firefox/40.1',
)
[ info ] [ PARAM ] array (
)
[ info ] [ RUN ] app\index\controller\Index->index[ /data/home/byu3109350001/htdocs/app/application/index/controller/Index.php ]
[ info ] [ LOG ] INIT File
---------------------------------------------------------------
[ 2018-09-14T00:24:50+08:00 ] 172.17.87.134 37.235.48.55 GET /
[ info ] www.eshuo.top/ [运行时间：0.029814s][吞吐率：33.54req/s] [内存消耗：430.34kb] [文件加载：47]
[ info ] [ LANG ] /data/home/byu3109350001/htdocs/app/thinkphp/lang/zh-cn.php
[ info ] [ ROUTE ] array (
  'type' => 'module',
  'module' => 
  array (
    0 => '',
    1 => NULL,
    2 => NULL,
  ),
)
[ info ] [ HEADER ] array (
  'accept' => '*/*',
  'accept-language' => 'en-US,en;q=0.9,de;q=0.8,*;q=0.1',
  'host' => 'www.eshuo.top',
  'user-agent' => 'Mozilla/5.0 (Windows NT 6.1; WOW64; rv:40.0) Gecko/20100101 Firefox/40.1',
)
[ info ] [ PARAM ] array (
)
[ info ] [ RUN ] app\index\controller\Index->index[ /data/home/byu3109350001/htdocs/app/application/index/controller/Index.php ]
[ info ] [ LOG ] INIT File
---------------------------------------------------------------
[ 2018-09-14T06:44:43+08:00 ] 172.17.87.134 123.157.142.218 HEAD /
[ info ] www.eshuo.top/ [运行时间：0.029680s][吞吐率：33.69req/s] [内存消耗：428.70kb] [文件加载：47]
[ info ] [ LANG ] /data/home/byu3109350001/htdocs/app/thinkphp/lang/zh-cn.php
[ info ] [ ROUTE ] array (
  'type' => 'module',
  'module' => 
  array (
    0 => '',
    1 => NULL,
    2 => NULL,
  ),
)
[ info ] [ HEADER ] array (
  'accept' => '*/*',
  'cache-control' => 'no-cache',
  'host' => 'www.eshuo.top',
  'pragma' => 'no-cache',
  'user-agent' => 'Chrome/57',
)
[ info ] [ PARAM ] array (
)
[ info ] [ RUN ] app\index\controller\Index->index[ /data/home/byu3109350001/htdocs/app/application/index/controller/Index.php ]
[ info ] [ LOG ] INIT File
---------------------------------------------------------------
[ 2018-09-14T08:19:50+08:00 ] 172.17.87.134 203.208.60.75 GET /
[ info ] www.eshuo.top/ [运行时间：0.029894s][吞吐率：33.45req/s] [内存消耗：430.67kb] [文件加载：47]
[ info ] [ LANG ] /data/home/byu3109350001/htdocs/app/thinkphp/lang/zh-cn.php
[ info ] [ ROUTE ] array (
  'type' => 'module',
  'module' => 
  array (
    0 => '',
    1 => NULL,
    2 => NULL,
  ),
)
[ info ] [ HEADER ] array (
  'accept' => 'text/html,application/xhtml+xml,application/xml;q=0.9,*/*;q=0.8',
  'accept-encoding' => 'gzip,deflate,br',
  'connection' => 'keep-alive',
  'from' => 'googlebot(at)googlebot.com',
  'host' => 'www.eshuo.top',
  'user-agent' => 'Mozilla/5.0 (compatible; Googlebot/2.1; +http://www.google.com/bot.html)',
)
[ info ] [ PARAM ] array (
)
[ info ] [ RUN ] app\index\controller\Index->index[ /data/home/byu3109350001/htdocs/app/application/index/controller/Index.php ]
[ info ] [ LOG ] INIT File
---------------------------------------------------------------
[ 2018-09-14T10:07:31+08:00 ] 172.17.87.134 203.208.60.94 GET /
[ info ] www.eshuo.top/ [运行时间：0.030161s][吞吐率：33.16req/s] [内存消耗：431.16kb] [文件加载：47]
[ info ] [ LANG ] /data/home/byu3109350001/htdocs/app/thinkphp/lang/zh-cn.php
[ info ] [ ROUTE ] array (
  'type' => 'module',
  'module' => 
  array (
    0 => '',
    1 => NULL,
    2 => NULL,
  ),
)
[ info ] [ HEADER ] array (
  'accept' => 'text/html,application/xhtml+xml,application/xml;q=0.9,*/*;q=0.8',
  'accept-encoding' => 'gzip,deflate,br',
  'connection' => 'keep-alive',
  'from' => 'googlebot(at)googlebot.com',
  'host' => 'www.eshuo.top',
  'user-agent' => 'Mozilla/5.0 (Linux; Android 6.0.1; Nexus 5X Build/MMB29P) AppleWebKit/537.36 (KHTML, like Gecko) Chrome/41.0.2272.96 Mobile Safari/537.36 (compatible; Googlebot/2.1; +http://www.google.com/bot.html)',
)
[ info ] [ PARAM ] array (
)
[ info ] [ RUN ] app\index\controller\Index->index[ /data/home/byu3109350001/htdocs/app/application/index/controller/Index.php ]
[ info ] [ LOG ] INIT File
---------------------------------------------------------------
[ 2018-09-14T10:29:28+08:00 ] 172.17.87.134 203.208.60.87 GET /
[ info ] www.eshuo.top/ [运行时间：0.029900s][吞吐率：33.44req/s] [内存消耗：430.67kb] [文件加载：47]
[ info ] [ LANG ] /data/home/byu3109350001/htdocs/app/thinkphp/lang/zh-cn.php
[ info ] [ ROUTE ] array (
  'type' => 'module',
  'module' => 
  array (
    0 => '',
    1 => NULL,
    2 => NULL,
  ),
)
[ info ] [ HEADER ] array (
  'accept' => 'text/html,application/xhtml+xml,application/xml;q=0.9,*/*;q=0.8',
  'accept-encoding' => 'gzip,deflate,br',
  'connection' => 'keep-alive',
  'from' => 'googlebot(at)googlebot.com',
  'host' => 'www.eshuo.top',
  'user-agent' => 'Mozilla/5.0 (compatible; Googlebot/2.1; +http://www.google.com/bot.html)',
)
[ info ] [ PARAM ] array (
)
[ info ] [ RUN ] app\index\controller\Index->index[ /data/home/byu3109350001/htdocs/app/application/index/controller/Index.php ]
[ info ] [ LOG ] INIT File
---------------------------------------------------------------
[ 2018-09-14T10:38:15+08:00 ] 172.17.87.134 47.92.121.206 GET /
[ info ] www.eshuo.top/ [运行时间：0.030102s][吞吐率：33.22req/s] [内存消耗：430.34kb] [文件加载：47]
[ info ] [ LANG ] /data/home/byu3109350001/htdocs/app/thinkphp/lang/zh-cn.php
[ info ] [ ROUTE ] array (
  'type' => 'module',
  'module' => 
  array (
    0 => '',
    1 => NULL,
    2 => NULL,
  ),
)
[ info ] [ HEADER ] array (
  'accept' => 'text/html, image/gif, image/jpeg, *; q=.2, */*; q=.2',
  'connection' => 'keep-alive',
  'host' => 'www.eshuo.top',
  'user-agent' => 'Mozilla/5.0 (iPhone; CPU iPhone OS 8_0_2 like Mac OS X)',
)
[ info ] [ PARAM ] array (
)
[ info ] [ RUN ] app\index\controller\Index->index[ /data/home/byu3109350001/htdocs/app/application/index/controller/Index.php ]
[ info ] [ LOG ] INIT File
---------------------------------------------------------------
[ 2018-09-14T11:59:50+08:00 ] 172.17.87.134 203.208.60.115 GET /
[ info ] www.eshuo.top/ [运行时间：0.030137s][吞吐率：33.18req/s] [内存消耗：431.16kb] [文件加载：47]
[ info ] [ LANG ] /data/home/byu3109350001/htdocs/app/thinkphp/lang/zh-cn.php
[ info ] [ ROUTE ] array (
  'type' => 'module',
  'module' => 
  array (
    0 => '',
    1 => NULL,
    2 => NULL,
  ),
)
[ info ] [ HEADER ] array (
  'accept' => 'text/html,application/xhtml+xml,application/xml;q=0.9,*/*;q=0.8',
  'accept-encoding' => 'gzip,deflate,br',
  'connection' => 'keep-alive',
  'from' => 'googlebot(at)googlebot.com',
  'host' => 'www.eshuo.top',
  'user-agent' => 'Mozilla/5.0 (Linux; Android 6.0.1; Nexus 5X Build/MMB29P) AppleWebKit/537.36 (KHTML, like Gecko) Chrome/41.0.2272.96 Mobile Safari/537.36 (compatible; Googlebot/2.1; +http://www.google.com/bot.html)',
)
[ info ] [ PARAM ] array (
)
[ info ] [ RUN ] app\index\controller\Index->index[ /data/home/byu3109350001/htdocs/app/application/index/controller/Index.php ]
[ info ] [ LOG ] INIT File
---------------------------------------------------------------
[ 2018-09-14T13:00:18+08:00 ] 172.17.87.134 106.15.101.220 GET /
[ info ] eshuo.top/ [运行时间：0.030103s][吞吐率：33.22req/s] [内存消耗：429.87kb] [文件加载：47]
[ info ] [ LANG ] /data/home/byu3109350001/htdocs/app/thinkphp/lang/zh-cn.php
[ info ] [ ROUTE ] array (
  'type' => 'module',
  'module' => 
  array (
    0 => '',
    1 => NULL,
    2 => NULL,
  ),
)
[ info ] [ HEADER ] array (
  'connection' => 'Keep-Alive',
  'host' => 'eshuo.top',
  'user-agent' => 'Apache-HttpClient/4.2.4 (java 1.5)',
)
[ info ] [ PARAM ] array (
)
[ info ] [ RUN ] app\index\controller\Index->index[ /data/home/byu3109350001/htdocs/app/application/index/controller/Index.php ]
[ info ] [ LOG ] INIT File
---------------------------------------------------------------
[ 2018-09-14T13:02:45+08:00 ] 172.17.87.134 113.66.36.137 GET /
[ info ] byu3109350001.my3w.com/ [运行时间：0.030134s][吞吐率：33.18req/s] [内存消耗：432.05kb] [文件加载：47]
[ info ] [ LANG ] /data/home/byu3109350001/htdocs/app/thinkphp/lang/zh-cn.php
[ info ] [ ROUTE ] array (
  'type' => 'module',
  'module' => 
  array (
    0 => '',
    1 => NULL,
    2 => NULL,
  ),
)
[ info ] [ HEADER ] array (
  'accept' => 'text/html,application/xhtml+xml,application/xml;q=0.9,image/webp,image/apng,*/*;q=0.8',
  'accept-encoding' => 'gzip, deflate',
  'accept-language' => 'zh-CN,zh;q=0.9',
  'cache-control' => 'max-age=0',
  'connection' => 'keep-alive',
  'cookie' => 'pgv_pvi=1832999936',
  'host' => 'byu3109350001.my3w.com',
  'upgrade-insecure-requests' => '1',
  'user-agent' => 'Mozilla/5.0 (Windows NT 10.0; WOW64) AppleWebKit/537.36 (KHTML, like Gecko) Chrome/63.0.3239.132 Safari/537.36',
)
[ info ] [ PARAM ] array (
)
[ info ] [ RUN ] app\index\controller\Index->index[ /data/home/byu3109350001/htdocs/app/application/index/controller/Index.php ]
[ info ] [ LOG ] INIT File
---------------------------------------------------------------
[ 2018-09-14T13:03:01+08:00 ] 172.17.87.134 113.66.36.137 GET /index.php/admin
[ info ] byu3109350001.my3w.com/index.php/admin [运行时间：0.040309s][吞吐率：24.81req/s] [内存消耗：515.94kb] [文件加载：57]
[ info ] [ LANG ] /data/home/byu3109350001/htdocs/app/thinkphp/lang/zh-cn.php
[ info ] [ ROUTE ] array (
  'type' => 'module',
  'module' => 
  array (
    0 => 'admin',
    1 => NULL,
    2 => NULL,
  ),
)
[ info ] [ HEADER ] array (
  'accept' => 'text/html,application/xhtml+xml,application/xml;q=0.9,image/webp,image/apng,*/*;q=0.8',
  'accept-encoding' => 'gzip, deflate',
  'accept-language' => 'zh-CN,zh;q=0.9',
  'connection' => 'keep-alive',
  'cookie' => 'pgv_pvi=1832999936; pgv_si=s6935363584',
  'host' => 'byu3109350001.my3w.com',
  'upgrade-insecure-requests' => '1',
  'user-agent' => 'Mozilla/5.0 (Windows NT 10.0; WOW64) AppleWebKit/537.36 (KHTML, like Gecko) Chrome/63.0.3239.132 Safari/537.36',
)
[ info ] [ PARAM ] array (
)
[ info ] [ SESSION ] INIT array (
  'id' => '',
  'var_session_id' => '',
  'prefix' => 'think',
  'type' => '',
  'auto_start' => true,
)
[ info ] [ LOG ] INIT File
---------------------------------------------------------------
[ 2018-09-14T13:03:01+08:00 ] 172.17.87.134 113.66.36.137 GET /index.php/admin/login/index.html
[ info ] byu3109350001.my3w.com/index.php/admin/login/index.html [运行时间：0.038625s][吞吐率：25.89req/s] [内存消耗：514.11kb] [文件加载：56]
[ info ] [ LANG ] /data/home/byu3109350001/htdocs/app/thinkphp/lang/zh-cn.php
[ info ] [ ROUTE ] array (
  'type' => 'module',
  'module' => 
  array (
    0 => 'admin',
    1 => 'login',
    2 => 'index',
  ),
)
[ info ] [ HEADER ] array (
  'accept' => 'text/html,application/xhtml+xml,application/xml;q=0.9,image/webp,image/apng,*/*;q=0.8',
  'accept-encoding' => 'gzip, deflate',
  'accept-language' => 'zh-CN,zh;q=0.9',
  'connection' => 'keep-alive',
  'cookie' => 'pgv_pvi=1832999936; pgv_si=s6935363584; PHPSESSID=dhdb7c20n11peeu275t62nl0a3',
  'host' => 'byu3109350001.my3w.com',
  'upgrade-insecure-requests' => '1',
  'user-agent' => 'Mozilla/5.0 (Windows NT 10.0; WOW64) AppleWebKit/537.36 (KHTML, like Gecko) Chrome/63.0.3239.132 Safari/537.36',
)
[ info ] [ PARAM ] array (
)
[ info ] [ RUN ] app\admin\controller\Login->index[ /data/home/byu3109350001/htdocs/app/application/admin/controller/Login.php ]
[ info ] [ SESSION ] INIT array (
  'id' => '',
  'var_session_id' => '',
  'prefix' => 'think',
  'type' => '',
  'auto_start' => true,
)
[ info ] [ VIEW ] /data/home/byu3109350001/htdocs/app/public/../application/admin/view/login/index.html [ array (
) ]
[ info ] [ LOG ] INIT File
---------------------------------------------------------------
[ 2018-09-14T13:03:02+08:00 ] 172.17.87.134 113.66.36.137 GET /app/public/captcha
[ info ] byu3109350001.my3w.com/app/public/captcha [运行时间：0.042058s][吞吐率：23.78req/s] [内存消耗：438.72kb] [文件加载：47]
[ info ] [ LANG ] /data/home/byu3109350001/htdocs/app/thinkphp/lang/zh-cn.php
[ info ] [ ROUTE ] array (
  'type' => 'method',
  'method' => 
  array (
    0 => '\\think\\captcha\\CaptchaController',
    1 => 'index',
  ),
  'var' => 
  array (
  ),
)
[ info ] [ HEADER ] array (
  'accept' => 'image/webp,image/apng,image/*,*/*;q=0.8',
  'accept-encoding' => 'gzip, deflate',
  'accept-language' => 'zh-CN,zh;q=0.9',
  'connection' => 'keep-alive',
  'cookie' => 'pgv_pvi=1832999936; pgv_si=s6935363584; PHPSESSID=dhdb7c20n11peeu275t62nl0a3',
  'host' => 'byu3109350001.my3w.com',
  'referer' => 'http://byu3109350001.my3w.com/index.php/admin/login/index.html',
  'user-agent' => 'Mozilla/5.0 (Windows NT 10.0; WOW64) AppleWebKit/537.36 (KHTML, like Gecko) Chrome/63.0.3239.132 Safari/537.36',
)
[ info ] [ PARAM ] array (
  'id' => NULL,
)
[ info ] [ RUN ] think\captcha\CaptchaController->index[ /data/home/byu3109350001/htdocs/app/vendor/topthink/think-captcha/src/CaptchaController.php ]
[ info ] [ SESSION ] INIT array (
  'id' => '',
  'var_session_id' => '',
  'prefix' => 'think',
  'type' => '',
  'auto_start' => true,
)
[ info ] [ LOG ] INIT File
---------------------------------------------------------------
[ 2018-09-14T13:04:44+08:00 ] 172.17.87.134 113.66.36.137 POST /index.php/admin/login/check.html
[ info ] byu3109350001.my3w.com/index.php/admin/login/check.html [运行时间：0.103131s][吞吐率：9.70req/s] [内存消耗：820.66kb] [文件加载：72]
[ info ] [ LANG ] /data/home/byu3109350001/htdocs/app/thinkphp/lang/zh-cn.php
[ info ] [ ROUTE ] array (
  'type' => 'module',
  'module' => 
  array (
    0 => 'admin',
    1 => 'login',
    2 => 'check',
  ),
)
[ info ] [ HEADER ] array (
  'content-length' => '30',
  'content-type' => 'application/x-www-form-urlencoded',
  'accept' => 'text/html,application/xhtml+xml,application/xml;q=0.9,image/webp,image/apng,*/*;q=0.8',
  'accept-encoding' => 'gzip, deflate',
  'accept-language' => 'zh-CN,zh;q=0.9',
  'cache-control' => 'max-age=0',
  'connection' => 'keep-alive',
  'cookie' => 'pgv_pvi=1832999936; pgv_si=s6935363584; PHPSESSID=dhdb7c20n11peeu275t62nl0a3',
  'host' => 'byu3109350001.my3w.com',
  'origin' => 'http://byu3109350001.my3w.com',
  'referer' => 'http://byu3109350001.my3w.com/index.php/admin/login/index.html',
  'upgrade-insecure-requests' => '1',
  'user-agent' => 'Mozilla/5.0 (Windows NT 10.0; WOW64) AppleWebKit/537.36 (KHTML, like Gecko) Chrome/63.0.3239.132 Safari/537.36',
)
[ info ] [ PARAM ] array (
  'username' => 'ee',
  'password' => 'ee',
  'code' => 'a',
)
[ info ] [ RUN ] app\admin\controller\Login->check[ /data/home/byu3109350001/htdocs/app/application/admin/controller/Login.php ]
[ info ] [ SESSION ] INIT array (
  'id' => '',
  'var_session_id' => '',
  'prefix' => 'think',
  'type' => '',
  'auto_start' => true,
)
[ info ] [ DB ] INIT mysql
[ info ] [ CACHE ] INIT File
[ info ] [ LOG ] INIT File
[ sql ] [ DB ] CONNECT:[ UseTime:0.018737s ] mysql:dbname=bdm280513349_db;host=bdm280513349.my3w.com;port=3306;charset=utf8
[ sql ] [ SQL ] SHOW COLUMNS FROM `ent_admin_user` [ RunTime:0.007253s ]
[ sql ] [ SQL ] SELECT * FROM `ent_admin_user` WHERE  `username` = 'ee' LIMIT 1 [ RunTime:0.006453s ]
[ sql ] [ SQL ] UPDATE `ent_admin_user`  SET `last_login_time`=1536901484,`last_login_ip`='113.66.36.137',`update_time`=1536901484  WHERE  `id` = 1 [ RunTime:0.010136s ]
---------------------------------------------------------------
[ 2018-09-14T13:04:44+08:00 ] 172.17.87.134 113.66.36.137 GET /index.php/admin/index/index.html
[ info ] byu3109350001.my3w.com/index.php/admin/index/index.html [运行时间：0.043696s][吞吐率：22.89req/s] [内存消耗：622.47kb] [文件加载：59]
[ info ] [ LANG ] /data/home/byu3109350001/htdocs/app/thinkphp/lang/zh-cn.php
[ info ] [ ROUTE ] array (
  'type' => 'module',
  'module' => 
  array (
    0 => 'admin',
    1 => 'index',
    2 => 'index',
  ),
)
[ info ] [ HEADER ] array (
  'accept' => 'text/html,application/xhtml+xml,application/xml;q=0.9,image/webp,image/apng,*/*;q=0.8',
  'accept-encoding' => 'gzip, deflate',
  'accept-language' => 'zh-CN,zh;q=0.9',
  'cache-control' => 'max-age=0',
  'connection' => 'keep-alive',
  'cookie' => 'pgv_pvi=1832999936; pgv_si=s6935363584; PHPSESSID=dhdb7c20n11peeu275t62nl0a3',
  'host' => 'byu3109350001.my3w.com',
  'referer' => 'http://byu3109350001.my3w.com/index.php/admin/login/index.html',
  'upgrade-insecure-requests' => '1',
  'user-agent' => 'Mozilla/5.0 (Windows NT 10.0; WOW64) AppleWebKit/537.36 (KHTML, like Gecko) Chrome/63.0.3239.132 Safari/537.36',
)
[ info ] [ PARAM ] array (
)
[ info ] [ SESSION ] INIT array (
  'id' => '',
  'var_session_id' => '',
  'prefix' => 'think',
  'type' => '',
  'auto_start' => true,
)
[ info ] [ RUN ] app\admin\controller\Index->index[ /data/home/byu3109350001/htdocs/app/application/admin/controller/Index.php ]
[ info ] [ VIEW ] /data/home/byu3109350001/htdocs/app/public/../application/admin/view/index/index.html [ array (
) ]
[ info ] [ LOG ] INIT File
---------------------------------------------------------------
[ 2018-09-14T13:04:44+08:00 ] 172.17.87.134 113.66.36.137 GET /app/public/http://byu3109350001.my3w.com/app/public/http://byu3109350001.my3w.com/app/public/http://byu3109350001.my3w.com/app/public/static/hadmin/static/h-ui.admin/css/H-ui.admin.css
[ info ] byu3109350001.my3w.com/app/public/http://byu3109350001.my3w.com/app/public/http://byu3109350001.my3w.com/app/public/http://byu3109350001.my3w.com/app/public/static/hadmin/static/h-ui.admin/css/H-ui.admin.css [运行时间：0.052414s][吞吐率：19.08req/s] [内存消耗：423.96kb] [文件加载：49]
[ info ] [ LANG ] /data/home/byu3109350001/htdocs/app/thinkphp/lang/zh-cn.php
[ info ] [ ROUTE ] array (
  'type' => 'module',
  'module' => 
  array (
    0 => 'http:',
    1 => 'byu3109350001.my3w.com',
    2 => 'app',
  ),
)
[ info ] [ HEADER ] array (
  'accept' => 'text/css,*/*;q=0.1',
  'accept-encoding' => 'gzip, deflate',
  'accept-language' => 'zh-CN,zh;q=0.9',
  'connection' => 'keep-alive',
  'cookie' => 'pgv_pvi=1832999936; pgv_si=s6935363584; PHPSESSID=dhdb7c20n11peeu275t62nl0a3',
  'host' => 'byu3109350001.my3w.com',
  'referer' => 'http://byu3109350001.my3w.com/index.php/admin/index/index.html',
  'user-agent' => 'Mozilla/5.0 (Windows NT 10.0; WOW64) AppleWebKit/537.36 (KHTML, like Gecko) Chrome/63.0.3239.132 Safari/537.36',
)
[ info ] [ PARAM ] array (
  'public' => 'static',
  'com' => 'app',
  'hadmin' => 'static',
  'admin' => 'css',
)
[ info ] [ LOG ] INIT File
---------------------------------------------------------------
[ 2018-09-14T13:04:45+08:00 ] 172.17.87.134 113.66.36.137 GET /app/public/http://byu3109350001.my3w.com/app/public/http://byu3109350001.my3w.com/app/public/static/hadmin/lib/Hui-iconfont/1.0.8/iconfont.css
[ info ] byu3109350001.my3w.com/app/public/http://byu3109350001.my3w.com/app/public/http://byu3109350001.my3w.com/app/public/static/hadmin/lib/Hui-iconfont/1.0.8/iconfont.css [运行时间：0.094394s][吞吐率：10.59req/s] [内存消耗：423.84kb] [文件加载：49]
[ info ] [ LANG ] /data/home/byu3109350001/htdocs/app/thinkphp/lang/zh-cn.php
[ info ] [ ROUTE ] array (
  'type' => 'module',
  'module' => 
  array (
    0 => 'http:',
    1 => 'byu3109350001.my3w.com',
    2 => 'app',
  ),
)
[ info ] [ HEADER ] array (
  'accept' => 'text/css,*/*;q=0.1',
  'accept-encoding' => 'gzip, deflate',
  'accept-language' => 'zh-CN,zh;q=0.9',
  'connection' => 'keep-alive',
  'cookie' => 'pgv_pvi=1832999936; pgv_si=s6935363584; PHPSESSID=dhdb7c20n11peeu275t62nl0a3',
  'host' => 'byu3109350001.my3w.com',
  'referer' => 'http://byu3109350001.my3w.com/index.php/admin/index/index.html',
  'user-agent' => 'Mozilla/5.0 (Windows NT 10.0; WOW64) AppleWebKit/537.36 (KHTML, like Gecko) Chrome/63.0.3239.132 Safari/537.36',
)
[ info ] [ PARAM ] array (
  'public' => 'static',
  'com' => 'app',
  'hadmin' => 'lib',
  'iconfont' => '1.0.8',
)
[ info ] [ LOG ] INIT File
---------------------------------------------------------------
[ 2018-09-14T13:04:45+08:00 ] 172.17.87.134 113.66.36.137 GET /app/public/http://byu3109350001.my3w.com/app/public/static/hadmin/static/h-ui.admin/skin/default/skin.css
[ info ] byu3109350001.my3w.com/app/public/http://byu3109350001.my3w.com/app/public/static/hadmin/static/h-ui.admin/skin/default/skin.css [运行时间：0.099894s][吞吐率：10.01req/s] [内存消耗：423.78kb] [文件加载：49]
[ info ] [ LANG ] /data/home/byu3109350001/htdocs/app/thinkphp/lang/zh-cn.php
[ info ] [ ROUTE ] array (
  'type' => 'module',
  'module' => 
  array (
    0 => 'http:',
    1 => 'byu3109350001.my3w.com',
    2 => 'app',
  ),
)
[ info ] [ HEADER ] array (
  'accept' => 'text/css,*/*;q=0.1',
  'accept-encoding' => 'gzip, deflate',
  'accept-language' => 'zh-CN,zh;q=0.9',
  'connection' => 'keep-alive',
  'cookie' => 'pgv_pvi=1832999936; pgv_si=s6935363584; PHPSESSID=dhdb7c20n11peeu275t62nl0a3',
  'host' => 'byu3109350001.my3w.com',
  'referer' => 'http://byu3109350001.my3w.com/index.php/admin/index/index.html',
  'user-agent' => 'Mozilla/5.0 (Windows NT 10.0; WOW64) AppleWebKit/537.36 (KHTML, like Gecko) Chrome/63.0.3239.132 Safari/537.36',
)
[ info ] [ PARAM ] array (
  'public' => 'static',
  'hadmin' => 'static',
  'admin' => 'skin',
  'default' => 'skin.css',
)
[ info ] [ LOG ] INIT File
---------------------------------------------------------------
[ 2018-09-14T13:04:45+08:00 ] 172.17.87.134 113.66.36.137 GET /index.php/admin/news/index.html
[ info ] byu3109350001.my3w.com/index.php/admin/news/index.html [运行时间：0.123776s][吞吐率：8.08req/s] [内存消耗：870.20kb] [文件加载：67]
[ info ] [ LANG ] /data/home/byu3109350001/htdocs/app/thinkphp/lang/zh-cn.php
[ info ] [ ROUTE ] array (
  'type' => 'module',
  'module' => 
  array (
    0 => 'admin',
    1 => 'news',
    2 => 'index',
  ),
)
[ info ] [ HEADER ] array (
  'accept' => 'text/html,application/xhtml+xml,application/xml;q=0.9,image/webp,image/apng,*/*;q=0.8',
  'accept-encoding' => 'gzip, deflate',
  'accept-language' => 'zh-CN,zh;q=0.9',
  'connection' => 'keep-alive',
  'cookie' => 'pgv_pvi=1832999936; pgv_si=s6935363584; PHPSESSID=dhdb7c20n11peeu275t62nl0a3',
  'host' => 'byu3109350001.my3w.com',
  'referer' => 'http://byu3109350001.my3w.com/index.php/admin/index/index.html',
  'upgrade-insecure-requests' => '1',
  'user-agent' => 'Mozilla/5.0 (Windows NT 10.0; WOW64) AppleWebKit/537.36 (KHTML, like Gecko) Chrome/63.0.3239.132 Safari/537.36',
)
[ info ] [ PARAM ] array (
)
[ info ] [ SESSION ] INIT array (
  'id' => '',
  'var_session_id' => '',
  'prefix' => 'think',
  'type' => '',
  'auto_start' => true,
)
[ info ] [ RUN ] app\admin\controller\News->index[ /data/home/byu3109350001/htdocs/app/application/admin/controller/News.php ]
[ info ] [ DB ] INIT mysql
[ info ] [ VIEW ] /data/home/byu3109350001/htdocs/app/public/../application/admin/view/news/index.html [ array (
  0 => 'cats',
  1 => 'news',
  2 => 'pageTotal',
  3 => 'curr',
  4 => 'start_time',
  5 => 'end_time',
  6 => 'catid',
  7 => 'title',
  8 => 'query',
) ]
[ info ] [ LOG ] INIT File
[ sql ] [ DB ] CONNECT:[ UseTime:0.009375s ] mysql:dbname=bdm280513349_db;host=bdm280513349.my3w.com;port=3306;charset=utf8
[ sql ] [ SQL ] SHOW COLUMNS FROM `ent_news` [ RunTime:0.006675s ]
[ sql ] [ SQL ] SELECT `id`,`catid`,`image`,`title`,`read_count`,`status`,`is_position`,`update_time`,`create_time` FROM `ent_news` WHERE  `status` <> -1 ORDER BY `id`  desc LIMIT 0,4 [ RunTime:0.005974s ]
[ sql ] [ SQL ] SELECT COUNT(*) AS tp_count FROM `ent_news` WHERE  `status` <> -1 LIMIT 1 [ RunTime:0.005660s ]
---------------------------------------------------------------
[ 2018-09-14T13:04:47+08:00 ] 172.17.87.134 113.66.36.137 POST /index.php/admin/news/status/id/28/status/1.html
[ info ] byu3109350001.my3w.com/index.php/admin/news/status/id/28/status/1.html [运行时间：0.086319s][吞吐率：11.58req/s] [内存消耗：835.41kb] [文件加载：70]
[ info ] [ LANG ] /data/home/byu3109350001/htdocs/app/thinkphp/lang/zh-cn.php
[ info ] [ ROUTE ] array (
  'type' => 'module',
  'module' => 
  array (
    0 => 'admin',
    1 => 'news',
    2 => 'status',
  ),
)
[ info ] [ HEADER ] array (
  'content-length' => '0',
  'accept' => 'application/json, text/javascript, */*; q=0.01',
  'accept-encoding' => 'gzip, deflate',
  'accept-language' => 'zh-CN,zh;q=0.9',
  'connection' => 'keep-alive',
  'cookie' => 'pgv_pvi=1832999936; pgv_si=s6935363584; PHPSESSID=dhdb7c20n11peeu275t62nl0a3',
  'host' => 'byu3109350001.my3w.com',
  'origin' => 'http://byu3109350001.my3w.com',
  'referer' => 'http://byu3109350001.my3w.com/index.php/admin/news/index.html',
  'user-agent' => 'Mozilla/5.0 (Windows NT 10.0; WOW64) AppleWebKit/537.36 (KHTML, like Gecko) Chrome/63.0.3239.132 Safari/537.36',
  'x-requested-with' => 'XMLHttpRequest',
)
[ info ] [ PARAM ] array (
  'id' => '28',
  'status' => '1',
)
[ info ] [ SESSION ] INIT array (
  'id' => '',
  'var_session_id' => '',
  'prefix' => 'think',
  'type' => '',
  'auto_start' => true,
)
[ info ] [ RUN ] app\admin\controller\Base->status[ /data/home/byu3109350001/htdocs/app/application/admin/controller/Base.php ]
[ info ] [ DB ] INIT mysql
[ info ] [ CACHE ] INIT File
[ info ] [ LOG ] INIT File
[ sql ] [ DB ] CONNECT:[ UseTime:0.010651s ] mysql:dbname=bdm280513349_db;host=bdm280513349.my3w.com;port=3306;charset=utf8
[ sql ] [ SQL ] SHOW COLUMNS FROM `ent_news` [ RunTime:0.007157s ]
[ sql ] [ SQL ] UPDATE `ent_news`  SET `status`=1,`update_time`=1536901487  WHERE  `id` = 28 [ RunTime:0.010065s ]
---------------------------------------------------------------
[ 2018-09-14T13:04:47+08:00 ] 172.17.87.134 113.66.36.137 GET /index.php/admin/news/index.html
[ info ] byu3109350001.my3w.com/index.php/admin/news/index.html [运行时间：0.087739s][吞吐率：11.40req/s] [内存消耗：870.20kb] [文件加载：67]
[ info ] [ LANG ] /data/home/byu3109350001/htdocs/app/thinkphp/lang/zh-cn.php
[ info ] [ ROUTE ] array (
  'type' => 'module',
  'module' => 
  array (
    0 => 'admin',
    1 => 'news',
    2 => 'index',
  ),
)
[ info ] [ HEADER ] array (
  'accept' => 'text/html,application/xhtml+xml,application/xml;q=0.9,image/webp,image/apng,*/*;q=0.8',
  'accept-encoding' => 'gzip, deflate',
  'accept-language' => 'zh-CN,zh;q=0.9',
  'connection' => 'keep-alive',
  'cookie' => 'pgv_pvi=1832999936; pgv_si=s6935363584; PHPSESSID=dhdb7c20n11peeu275t62nl0a3',
  'host' => 'byu3109350001.my3w.com',
  'referer' => 'http://byu3109350001.my3w.com/index.php/admin/news/index.html',
  'upgrade-insecure-requests' => '1',
  'user-agent' => 'Mozilla/5.0 (Windows NT 10.0; WOW64) AppleWebKit/537.36 (KHTML, like Gecko) Chrome/63.0.3239.132 Safari/537.36',
)
[ info ] [ PARAM ] array (
)
[ info ] [ SESSION ] INIT array (
  'id' => '',
  'var_session_id' => '',
  'prefix' => 'think',
  'type' => '',
  'auto_start' => true,
)
[ info ] [ RUN ] app\admin\controller\News->index[ /data/home/byu3109350001/htdocs/app/application/admin/controller/News.php ]
[ info ] [ DB ] INIT mysql
[ info ] [ VIEW ] /data/home/byu3109350001/htdocs/app/public/../application/admin/view/news/index.html [ array (
  0 => 'cats',
  1 => 'news',
  2 => 'pageTotal',
  3 => 'curr',
  4 => 'start_time',
  5 => 'end_time',
  6 => 'catid',
  7 => 'title',
  8 => 'query',
) ]
[ info ] [ LOG ] INIT File
[ sql ] [ DB ] CONNECT:[ UseTime:0.010170s ] mysql:dbname=bdm280513349_db;host=bdm280513349.my3w.com;port=3306;charset=utf8
[ sql ] [ SQL ] SHOW COLUMNS FROM `ent_news` [ RunTime:0.006950s ]
[ sql ] [ SQL ] SELECT `id`,`catid`,`image`,`title`,`read_count`,`status`,`is_position`,`update_time`,`create_time` FROM `ent_news` WHERE  `status` <> -1 ORDER BY `id`  desc LIMIT 0,4 [ RunTime:0.006217s ]
[ sql ] [ SQL ] SELECT COUNT(*) AS tp_count FROM `ent_news` WHERE  `status` <> -1 LIMIT 1 [ RunTime:0.006088s ]
---------------------------------------------------------------
[ 2018-09-14T13:04:50+08:00 ] 172.17.87.134 113.66.36.137 POST /index.php/admin/news/delete/id/28.html
[ info ] byu3109350001.my3w.com/index.php/admin/news/delete/id/28.html [运行时间：0.081901s][吞吐率：12.21req/s] [内存消耗：835.27kb] [文件加载：70]
[ info ] [ LANG ] /data/home/byu3109350001/htdocs/app/thinkphp/lang/zh-cn.php
[ info ] [ ROUTE ] array (
  'type' => 'module',
  'module' => 
  array (
    0 => 'admin',
    1 => 'news',
    2 => 'delete',
  ),
)
[ info ] [ HEADER ] array (
  'content-length' => '0',
  'accept' => 'application/json, text/javascript, */*; q=0.01',
  'accept-encoding' => 'gzip, deflate',
  'accept-language' => 'zh-CN,zh;q=0.9',
  'connection' => 'keep-alive',
  'cookie' => 'pgv_pvi=1832999936; pgv_si=s6935363584; PHPSESSID=dhdb7c20n11peeu275t62nl0a3',
  'host' => 'byu3109350001.my3w.com',
  'origin' => 'http://byu3109350001.my3w.com',
  'referer' => 'http://byu3109350001.my3w.com/index.php/admin/news/index.html',
  'user-agent' => 'Mozilla/5.0 (Windows NT 10.0; WOW64) AppleWebKit/537.36 (KHTML, like Gecko) Chrome/63.0.3239.132 Safari/537.36',
  'x-requested-with' => 'XMLHttpRequest',
)
[ info ] [ PARAM ] array (
  'id' => '28',
)
[ info ] [ SESSION ] INIT array (
  'id' => '',
  'var_session_id' => '',
  'prefix' => 'think',
  'type' => '',
  'auto_start' => true,
)
[ info ] [ RUN ] app\admin\controller\Base->delete[ /data/home/byu3109350001/htdocs/app/application/admin/controller/Base.php ]
[ info ] [ DB ] INIT mysql
[ info ] [ CACHE ] INIT File
[ info ] [ LOG ] INIT File
[ sql ] [ DB ] CONNECT:[ UseTime:0.009578s ] mysql:dbname=bdm280513349_db;host=bdm280513349.my3w.com;port=3306;charset=utf8
[ sql ] [ SQL ] SHOW COLUMNS FROM `ent_news` [ RunTime:0.006444s ]
[ sql ] [ SQL ] UPDATE `ent_news`  SET `status`=-1,`update_time`=1536901490  WHERE  `id` = 28 [ RunTime:0.008258s ]
---------------------------------------------------------------
[ 2018-09-14T13:04:50+08:00 ] 172.17.87.134 113.66.36.137 GET /index.php/admin/news/index.html
[ info ] byu3109350001.my3w.com/index.php/admin/news/index.html [运行时间：0.086942s][吞吐率：11.50req/s] [内存消耗：870.33kb] [文件加载：67]
[ info ] [ LANG ] /data/home/byu3109350001/htdocs/app/thinkphp/lang/zh-cn.php
[ info ] [ ROUTE ] array (
  'type' => 'module',
  'module' => 
  array (
    0 => 'admin',
    1 => 'news',
    2 => 'index',
  ),
)
[ info ] [ HEADER ] array (
  'accept' => 'text/html,application/xhtml+xml,application/xml;q=0.9,image/webp,image/apng,*/*;q=0.8',
  'accept-encoding' => 'gzip, deflate',
  'accept-language' => 'zh-CN,zh;q=0.9',
  'connection' => 'keep-alive',
  'cookie' => 'pgv_pvi=1832999936; pgv_si=s6935363584; PHPSESSID=dhdb7c20n11peeu275t62nl0a3',
  'host' => 'byu3109350001.my3w.com',
  'referer' => 'http://byu3109350001.my3w.com/index.php/admin/news/index.html',
  'upgrade-insecure-requests' => '1',
  'user-agent' => 'Mozilla/5.0 (Windows NT 10.0; WOW64) AppleWebKit/537.36 (KHTML, like Gecko) Chrome/63.0.3239.132 Safari/537.36',
)
[ info ] [ PARAM ] array (
)
[ info ] [ SESSION ] INIT array (
  'id' => '',
  'var_session_id' => '',
  'prefix' => 'think',
  'type' => '',
  'auto_start' => true,
)
[ info ] [ RUN ] app\admin\controller\News->index[ /data/home/byu3109350001/htdocs/app/application/admin/controller/News.php ]
[ info ] [ DB ] INIT mysql
[ info ] [ VIEW ] /data/home/byu3109350001/htdocs/app/public/../application/admin/view/news/index.html [ array (
  0 => 'cats',
  1 => 'news',
  2 => 'pageTotal',
  3 => 'curr',
  4 => 'start_time',
  5 => 'end_time',
  6 => 'catid',
  7 => 'title',
  8 => 'query',
) ]
[ info ] [ LOG ] INIT File
[ sql ] [ DB ] CONNECT:[ UseTime:0.010048s ] mysql:dbname=bdm280513349_db;host=bdm280513349.my3w.com;port=3306;charset=utf8
[ sql ] [ SQL ] SHOW COLUMNS FROM `ent_news` [ RunTime:0.006668s ]
[ sql ] [ SQL ] SELECT `id`,`catid`,`image`,`title`,`read_count`,`status`,`is_position`,`update_time`,`create_time` FROM `ent_news` WHERE  `status` <> -1 ORDER BY `id`  desc LIMIT 0,4 [ RunTime:0.005976s ]
[ sql ] [ SQL ] SELECT COUNT(*) AS tp_count FROM `ent_news` WHERE  `status` <> -1 LIMIT 1 [ RunTime:0.005825s ]
---------------------------------------------------------------
[ 2018-09-14T13:04:53+08:00 ] 172.17.87.134 113.66.36.137 GET /index.php/admin/news/add.html
[ info ] byu3109350001.my3w.com/index.php/admin/news/add.html [运行时间：0.044127s][吞吐率：22.66req/s] [内存消耗：622.78kb] [文件加载：59]
[ info ] [ LANG ] /data/home/byu3109350001/htdocs/app/thinkphp/lang/zh-cn.php
[ info ] [ ROUTE ] array (
  'type' => 'module',
  'module' => 
  array (
    0 => 'admin',
    1 => 'news',
    2 => 'add',
  ),
)
[ info ] [ HEADER ] array (
  'accept' => 'text/html,application/xhtml+xml,application/xml;q=0.9,image/webp,image/apng,*/*;q=0.8',
  'accept-encoding' => 'gzip, deflate',
  'accept-language' => 'zh-CN,zh;q=0.9',
  'connection' => 'keep-alive',
  'cookie' => 'pgv_pvi=1832999936; pgv_si=s6935363584; PHPSESSID=dhdb7c20n11peeu275t62nl0a3',
  'host' => 'byu3109350001.my3w.com',
  'referer' => 'http://byu3109350001.my3w.com/index.php/admin/index/index.html',
  'upgrade-insecure-requests' => '1',
  'user-agent' => 'Mozilla/5.0 (Windows NT 10.0; WOW64) AppleWebKit/537.36 (KHTML, like Gecko) Chrome/63.0.3239.132 Safari/537.36',
)
[ info ] [ PARAM ] array (
)
[ info ] [ SESSION ] INIT array (
  'id' => '',
  'var_session_id' => '',
  'prefix' => 'think',
  'type' => '',
  'auto_start' => true,
)
[ info ] [ RUN ] app\admin\controller\News->add[ /data/home/byu3109350001/htdocs/app/application/admin/controller/News.php ]
[ info ] [ VIEW ] /data/home/byu3109350001/htdocs/app/public/../application/admin/view/news/add.html [ array (
  0 => 'cats',
  1 => 'serverName',
) ]
[ info ] [ LOG ] INIT File
---------------------------------------------------------------
[ 2018-09-14T13:04:55+08:00 ] 172.17.87.134 113.66.36.137 GET /index.php/admin/news/index.html
[ info ] byu3109350001.my3w.com/index.php/admin/news/index.html [运行时间：0.118588s][吞吐率：8.43req/s] [内存消耗：870.33kb] [文件加载：67]
[ info ] [ LANG ] /data/home/byu3109350001/htdocs/app/thinkphp/lang/zh-cn.php
[ info ] [ ROUTE ] array (
  'type' => 'module',
  'module' => 
  array (
    0 => 'admin',
    1 => 'news',
    2 => 'index',
  ),
)
[ info ] [ HEADER ] array (
  'accept' => 'text/html,application/xhtml+xml,application/xml;q=0.9,image/webp,image/apng,*/*;q=0.8',
  'accept-encoding' => 'gzip, deflate',
  'accept-language' => 'zh-CN,zh;q=0.9',
  'connection' => 'keep-alive',
  'cookie' => 'pgv_pvi=1832999936; pgv_si=s6935363584; PHPSESSID=dhdb7c20n11peeu275t62nl0a3',
  'host' => 'byu3109350001.my3w.com',
  'referer' => 'http://byu3109350001.my3w.com/index.php/admin/index/index.html',
  'upgrade-insecure-requests' => '1',
  'user-agent' => 'Mozilla/5.0 (Windows NT 10.0; WOW64) AppleWebKit/537.36 (KHTML, like Gecko) Chrome/63.0.3239.132 Safari/537.36',
)
[ info ] [ PARAM ] array (
)
[ info ] [ SESSION ] INIT array (
  'id' => '',
  'var_session_id' => '',
  'prefix' => 'think',
  'type' => '',
  'auto_start' => true,
)
[ info ] [ RUN ] app\admin\controller\News->index[ /data/home/byu3109350001/htdocs/app/application/admin/controller/News.php ]
[ info ] [ DB ] INIT mysql
[ info ] [ VIEW ] /data/home/byu3109350001/htdocs/app/public/../application/admin/view/news/index.html [ array (
  0 => 'cats',
  1 => 'news',
  2 => 'pageTotal',
  3 => 'curr',
  4 => 'start_time',
  5 => 'end_time',
  6 => 'catid',
  7 => 'title',
  8 => 'query',
) ]
[ info ] [ LOG ] INIT File
[ sql ] [ DB ] CONNECT:[ UseTime:0.010570s ] mysql:dbname=bdm280513349_db;host=bdm280513349.my3w.com;port=3306;charset=utf8
[ sql ] [ SQL ] SHOW COLUMNS FROM `ent_news` [ RunTime:0.008680s ]
[ sql ] [ SQL ] SELECT `id`,`catid`,`image`,`title`,`read_count`,`status`,`is_position`,`update_time`,`create_time` FROM `ent_news` WHERE  `status` <> -1 ORDER BY `id`  desc LIMIT 0,4 [ RunTime:0.006433s ]
[ sql ] [ SQL ] SELECT COUNT(*) AS tp_count FROM `ent_news` WHERE  `status` <> -1 LIMIT 1 [ RunTime:0.006345s ]
---------------------------------------------------------------
[ 2018-09-14T13:04:55+08:00 ] 172.17.87.134 113.66.36.137 GET /index.php/admin/news/
[ info ] byu3109350001.my3w.com/index.php/admin/news/ [运行时间：0.088213s][吞吐率：11.34req/s] [内存消耗：870.04kb] [文件加载：67]
[ info ] [ LANG ] /data/home/byu3109350001/htdocs/app/thinkphp/lang/zh-cn.php
[ info ] [ ROUTE ] array (
  'type' => 'module',
  'module' => 
  array (
    0 => 'admin',
    1 => 'news',
    2 => NULL,
  ),
)
[ info ] [ HEADER ] array (
  'accept' => '*/*',
  'accept-encoding' => 'gzip, deflate',
  'accept-language' => 'zh-CN,zh;q=0.9',
  'connection' => 'keep-alive',
  'cookie' => 'pgv_pvi=1832999936; pgv_si=s6935363584; PHPSESSID=dhdb7c20n11peeu275t62nl0a3',
  'host' => 'byu3109350001.my3w.com',
  'referer' => 'http://byu3109350001.my3w.com/index.php/admin/news/add.html',
  'user-agent' => 'Mozilla/5.0 (Windows NT 10.0; WOW64) AppleWebKit/537.36 (KHTML, like Gecko) Chrome/63.0.3239.132 Safari/537.36',
  'x-requested-with' => 'ShockwaveFlash/27.0.0.187',
)
[ info ] [ PARAM ] array (
)
[ info ] [ SESSION ] INIT array (
  'id' => '',
  'var_session_id' => '',
  'prefix' => 'think',
  'type' => '',
  'auto_start' => true,
)
[ info ] [ RUN ] app\admin\controller\News->index[ /data/home/byu3109350001/htdocs/app/application/admin/controller/News.php ]
[ info ] [ DB ] INIT mysql
[ info ] [ VIEW ] /data/home/byu3109350001/htdocs/app/public/../application/admin/view/news/index.html [ array (
  0 => 'cats',
  1 => 'news',
  2 => 'pageTotal',
  3 => 'curr',
  4 => 'start_time',
  5 => 'end_time',
  6 => 'catid',
  7 => 'title',
  8 => 'query',
) ]
[ info ] [ LOG ] INIT File
[ sql ] [ DB ] CONNECT:[ UseTime:0.009715s ] mysql:dbname=bdm280513349_db;host=bdm280513349.my3w.com;port=3306;charset=utf8
[ sql ] [ SQL ] SHOW COLUMNS FROM `ent_news` [ RunTime:0.006514s ]
[ sql ] [ SQL ] SELECT `id`,`catid`,`image`,`title`,`read_count`,`status`,`is_position`,`update_time`,`create_time` FROM `ent_news` WHERE  `status` <> -1 ORDER BY `id`  desc LIMIT 0,4 [ RunTime:0.005787s ]
[ sql ] [ SQL ] SELECT COUNT(*) AS tp_count FROM `ent_news` WHERE  `status` <> -1 LIMIT 1 [ RunTime:0.005666s ]
---------------------------------------------------------------
[ 2018-09-14T13:04:58+08:00 ] 172.17.87.134 113.66.36.137 GET /index.php/admin/news/index.html
[ info ] byu3109350001.my3w.com/index.php/admin/news/index.html [运行时间：0.086716s][吞吐率：11.53req/s] [内存消耗：870.33kb] [文件加载：67]
[ info ] [ LANG ] /data/home/byu3109350001/htdocs/app/thinkphp/lang/zh-cn.php
[ info ] [ ROUTE ] array (
  'type' => 'module',
  'module' => 
  array (
    0 => 'admin',
    1 => 'news',
    2 => 'index',
  ),
)
[ info ] [ HEADER ] array (
  'accept' => 'text/html,application/xhtml+xml,application/xml;q=0.9,image/webp,image/apng,*/*;q=0.8',
  'accept-encoding' => 'gzip, deflate',
  'accept-language' => 'zh-CN,zh;q=0.9',
  'connection' => 'keep-alive',
  'cookie' => 'pgv_pvi=1832999936; pgv_si=s6935363584; PHPSESSID=dhdb7c20n11peeu275t62nl0a3',
  'host' => 'byu3109350001.my3w.com',
  'referer' => 'http://byu3109350001.my3w.com/index.php/admin/index/index.html',
  'upgrade-insecure-requests' => '1',
  'user-agent' => 'Mozilla/5.0 (Windows NT 10.0; WOW64) AppleWebKit/537.36 (KHTML, like Gecko) Chrome/63.0.3239.132 Safari/537.36',
)
[ info ] [ PARAM ] array (
)
[ info ] [ SESSION ] INIT array (
  'id' => '',
  'var_session_id' => '',
  'prefix' => 'think',
  'type' => '',
  'auto_start' => true,
)
[ info ] [ RUN ] app\admin\controller\News->index[ /data/home/byu3109350001/htdocs/app/application/admin/controller/News.php ]
[ info ] [ DB ] INIT mysql
[ info ] [ VIEW ] /data/home/byu3109350001/htdocs/app/public/../application/admin/view/news/index.html [ array (
  0 => 'cats',
  1 => 'news',
  2 => 'pageTotal',
  3 => 'curr',
  4 => 'start_time',
  5 => 'end_time',
  6 => 'catid',
  7 => 'title',
  8 => 'query',
) ]
[ info ] [ LOG ] INIT File
[ sql ] [ DB ] CONNECT:[ UseTime:0.010002s ] mysql:dbname=bdm280513349_db;host=bdm280513349.my3w.com;port=3306;charset=utf8
[ sql ] [ SQL ] SHOW COLUMNS FROM `ent_news` [ RunTime:0.006706s ]
[ sql ] [ SQL ] SELECT `id`,`catid`,`image`,`title`,`read_count`,`status`,`is_position`,`update_time`,`create_time` FROM `ent_news` WHERE  `status` <> -1 ORDER BY `id`  desc LIMIT 0,4 [ RunTime:0.006099s ]
[ sql ] [ SQL ] SELECT COUNT(*) AS tp_count FROM `ent_news` WHERE  `status` <> -1 LIMIT 1 [ RunTime:0.005889s ]
---------------------------------------------------------------
[ 2018-09-14T13:06:06+08:00 ] 172.17.87.134 113.66.36.137 GET /index.php/admin/index/index.html
[ info ] byu3109350001.my3w.com/index.php/admin/index/index.html [运行时间：0.043911s][吞吐率：22.77req/s] [内存消耗：622.47kb] [文件加载：59]
[ info ] [ LANG ] /data/home/byu3109350001/htdocs/app/thinkphp/lang/zh-cn.php
[ info ] [ ROUTE ] array (
  'type' => 'module',
  'module' => 
  array (
    0 => 'admin',
    1 => 'index',
    2 => 'index',
  ),
)
[ info ] [ HEADER ] array (
  'accept' => 'text/html,application/xhtml+xml,application/xml;q=0.9,image/webp,image/apng,*/*;q=0.8',
  'accept-encoding' => 'gzip, deflate',
  'accept-language' => 'zh-CN,zh;q=0.9',
  'cache-control' => 'max-age=0',
  'connection' => 'keep-alive',
  'cookie' => 'pgv_pvi=1832999936; pgv_si=s6935363584; PHPSESSID=dhdb7c20n11peeu275t62nl0a3',
  'host' => 'byu3109350001.my3w.com',
  'referer' => 'http://byu3109350001.my3w.com/index.php/admin/login/index.html',
  'upgrade-insecure-requests' => '1',
  'user-agent' => 'Mozilla/5.0 (Windows NT 10.0; WOW64) AppleWebKit/537.36 (KHTML, like Gecko) Chrome/63.0.3239.132 Safari/537.36',
)
[ info ] [ PARAM ] array (
)
[ info ] [ SESSION ] INIT array (
  'id' => '',
  'var_session_id' => '',
  'prefix' => 'think',
  'type' => '',
  'auto_start' => true,
)
[ info ] [ RUN ] app\admin\controller\Index->index[ /data/home/byu3109350001/htdocs/app/application/admin/controller/Index.php ]
[ info ] [ VIEW ] /data/home/byu3109350001/htdocs/app/public/../application/admin/view/index/index.html [ array (
) ]
[ info ] [ LOG ] INIT File
---------------------------------------------------------------
[ 2018-09-14T13:06:07+08:00 ] 172.17.87.134 113.66.36.137 GET /app/public/http://byu3109350001.my3w.com/app/public/http://byu3109350001.my3w.com/app/public/static/hadmin/lib/Hui-iconfont/1.0.8/iconfont.css
[ info ] byu3109350001.my3w.com/app/public/http://byu3109350001.my3w.com/app/public/http://byu3109350001.my3w.com/app/public/static/hadmin/lib/Hui-iconfont/1.0.8/iconfont.css [运行时间：0.113775s][吞吐率：8.79req/s] [内存消耗：423.84kb] [文件加载：49]
[ info ] [ LANG ] /data/home/byu3109350001/htdocs/app/thinkphp/lang/zh-cn.php
[ info ] [ ROUTE ] array (
  'type' => 'module',
  'module' => 
  array (
    0 => 'http:',
    1 => 'byu3109350001.my3w.com',
    2 => 'app',
  ),
)
[ info ] [ HEADER ] array (
  'accept' => 'text/css,*/*;q=0.1',
  'accept-encoding' => 'gzip, deflate',
  'accept-language' => 'zh-CN,zh;q=0.9',
  'connection' => 'keep-alive',
  'cookie' => 'pgv_pvi=1832999936; pgv_si=s6935363584; PHPSESSID=dhdb7c20n11peeu275t62nl0a3',
  'host' => 'byu3109350001.my3w.com',
  'referer' => 'http://byu3109350001.my3w.com/index.php/admin/index/index.html',
  'user-agent' => 'Mozilla/5.0 (Windows NT 10.0; WOW64) AppleWebKit/537.36 (KHTML, like Gecko) Chrome/63.0.3239.132 Safari/537.36',
)
[ info ] [ PARAM ] array (
  'public' => 'static',
  'com' => 'app',
  'hadmin' => 'lib',
  'iconfont' => '1.0.8',
)
[ info ] [ LOG ] INIT File
---------------------------------------------------------------
[ 2018-09-14T13:06:07+08:00 ] 172.17.87.134 113.66.36.137 GET /app/public/http://byu3109350001.my3w.com/app/public/static/hadmin/static/h-ui.admin/skin/default/skin.css
[ info ] byu3109350001.my3w.com/app/public/http://byu3109350001.my3w.com/app/public/static/hadmin/static/h-ui.admin/skin/default/skin.css [运行时间：0.118968s][吞吐率：8.41req/s] [内存消耗：423.78kb] [文件加载：49]
[ info ] [ LANG ] /data/home/byu3109350001/htdocs/app/thinkphp/lang/zh-cn.php
[ info ] [ ROUTE ] array (
  'type' => 'module',
  'module' => 
  array (
    0 => 'http:',
    1 => 'byu3109350001.my3w.com',
    2 => 'app',
  ),
)
[ info ] [ HEADER ] array (
  'accept' => 'text/css,*/*;q=0.1',
  'accept-encoding' => 'gzip, deflate',
  'accept-language' => 'zh-CN,zh;q=0.9',
  'connection' => 'keep-alive',
  'cookie' => 'pgv_pvi=1832999936; pgv_si=s6935363584; PHPSESSID=dhdb7c20n11peeu275t62nl0a3',
  'host' => 'byu3109350001.my3w.com',
  'referer' => 'http://byu3109350001.my3w.com/index.php/admin/index/index.html',
  'user-agent' => 'Mozilla/5.0 (Windows NT 10.0; WOW64) AppleWebKit/537.36 (KHTML, like Gecko) Chrome/63.0.3239.132 Safari/537.36',
)
[ info ] [ PARAM ] array (
  'public' => 'static',
  'hadmin' => 'static',
  'admin' => 'skin',
  'default' => 'skin.css',
)
[ info ] [ LOG ] INIT File
---------------------------------------------------------------
[ 2018-09-14T13:06:07+08:00 ] 172.17.87.134 113.66.36.137 GET /app/public/http://byu3109350001.my3w.com/app/public/http://byu3109350001.my3w.com/app/public/http://byu3109350001.my3w.com/app/public/static/hadmin/static/h-ui.admin/css/H-ui.admin.css
[ info ] byu3109350001.my3w.com/app/public/http://byu3109350001.my3w.com/app/public/http://byu3109350001.my3w.com/app/public/http://byu3109350001.my3w.com/app/public/static/hadmin/static/h-ui.admin/css/H-ui.admin.css [运行时间：0.119037s][吞吐率：8.40req/s] [内存消耗：423.96kb] [文件加载：49]
[ info ] [ LANG ] /data/home/byu3109350001/htdocs/app/thinkphp/lang/zh-cn.php
[ info ] [ ROUTE ] array (
  'type' => 'module',
  'module' => 
  array (
    0 => 'http:',
    1 => 'byu3109350001.my3w.com',
    2 => 'app',
  ),
)
[ info ] [ HEADER ] array (
  'accept' => 'text/css,*/*;q=0.1',
  'accept-encoding' => 'gzip, deflate',
  'accept-language' => 'zh-CN,zh;q=0.9',
  'connection' => 'keep-alive',
  'cookie' => 'pgv_pvi=1832999936; pgv_si=s6935363584; PHPSESSID=dhdb7c20n11peeu275t62nl0a3',
  'host' => 'byu3109350001.my3w.com',
  'referer' => 'http://byu3109350001.my3w.com/index.php/admin/index/index.html',
  'user-agent' => 'Mozilla/5.0 (Windows NT 10.0; WOW64) AppleWebKit/537.36 (KHTML, like Gecko) Chrome/63.0.3239.132 Safari/537.36',
)
[ info ] [ PARAM ] array (
  'public' => 'static',
  'com' => 'app',
  'hadmin' => 'static',
  'admin' => 'css',
)
[ info ] [ LOG ] INIT File
---------------------------------------------------------------
[ 2018-09-14T13:06:07+08:00 ] 172.17.87.134 113.66.36.137 GET /index.php/admin/news/index.html
[ info ] byu3109350001.my3w.com/index.php/admin/news/index.html [运行时间：0.088052s][吞吐率：11.36req/s] [内存消耗：870.33kb] [文件加载：67]
[ info ] [ LANG ] /data/home/byu3109350001/htdocs/app/thinkphp/lang/zh-cn.php
[ info ] [ ROUTE ] array (
  'type' => 'module',
  'module' => 
  array (
    0 => 'admin',
    1 => 'news',
    2 => 'index',
  ),
)
[ info ] [ HEADER ] array (
  'accept' => 'text/html,application/xhtml+xml,application/xml;q=0.9,image/webp,image/apng,*/*;q=0.8',
  'accept-encoding' => 'gzip, deflate',
  'accept-language' => 'zh-CN,zh;q=0.9',
  'connection' => 'keep-alive',
  'cookie' => 'pgv_pvi=1832999936; pgv_si=s6935363584; PHPSESSID=dhdb7c20n11peeu275t62nl0a3',
  'host' => 'byu3109350001.my3w.com',
  'referer' => 'http://byu3109350001.my3w.com/index.php/admin/index/index.html',
  'upgrade-insecure-requests' => '1',
  'user-agent' => 'Mozilla/5.0 (Windows NT 10.0; WOW64) AppleWebKit/537.36 (KHTML, like Gecko) Chrome/63.0.3239.132 Safari/537.36',
)
[ info ] [ PARAM ] array (
)
[ info ] [ SESSION ] INIT array (
  'id' => '',
  'var_session_id' => '',
  'prefix' => 'think',
  'type' => '',
  'auto_start' => true,
)
[ info ] [ RUN ] app\admin\controller\News->index[ /data/home/byu3109350001/htdocs/app/application/admin/controller/News.php ]
[ info ] [ DB ] INIT mysql
[ info ] [ VIEW ] /data/home/byu3109350001/htdocs/app/public/../application/admin/view/news/index.html [ array (
  0 => 'cats',
  1 => 'news',
  2 => 'pageTotal',
  3 => 'curr',
  4 => 'start_time',
  5 => 'end_time',
  6 => 'catid',
  7 => 'title',
  8 => 'query',
) ]
[ info ] [ LOG ] INIT File
[ sql ] [ DB ] CONNECT:[ UseTime:0.010436s ] mysql:dbname=bdm280513349_db;host=bdm280513349.my3w.com;port=3306;charset=utf8
[ sql ] [ SQL ] SHOW COLUMNS FROM `ent_news` [ RunTime:0.006996s ]
[ sql ] [ SQL ] SELECT `id`,`catid`,`image`,`title`,`read_count`,`status`,`is_position`,`update_time`,`create_time` FROM `ent_news` WHERE  `status` <> -1 ORDER BY `id`  desc LIMIT 0,4 [ RunTime:0.006243s ]
[ sql ] [ SQL ] SELECT COUNT(*) AS tp_count FROM `ent_news` WHERE  `status` <> -1 LIMIT 1 [ RunTime:0.006155s ]
---------------------------------------------------------------
[ 2018-09-14T13:09:10+08:00 ] 172.17.87.134 113.66.36.137 GET /index.php/admin/news/index.html?catid=0&start_time=&end_time=&title=tt
[ info ] byu3109350001.my3w.com/index.php/admin/news/index.html?catid=0&start_time=&end_time=&title=tt [运行时间：0.088415s][吞吐率：11.31req/s] [内存消耗：865.78kb] [文件加载：67]
[ info ] [ LANG ] /data/home/byu3109350001/htdocs/app/thinkphp/lang/zh-cn.php
[ info ] [ ROUTE ] array (
  'type' => 'module',
  'module' => 
  array (
    0 => 'admin',
    1 => 'news',
    2 => 'index',
  ),
)
[ info ] [ HEADER ] array (
  'accept' => 'text/html,application/xhtml+xml,application/xml;q=0.9,image/webp,image/apng,*/*;q=0.8',
  'accept-encoding' => 'gzip, deflate',
  'accept-language' => 'zh-CN,zh;q=0.9',
  'connection' => 'keep-alive',
  'cookie' => 'pgv_pvi=1832999936; pgv_si=s6935363584; PHPSESSID=dhdb7c20n11peeu275t62nl0a3',
  'host' => 'byu3109350001.my3w.com',
  'referer' => 'http://byu3109350001.my3w.com/index.php/admin/news/index.html',
  'upgrade-insecure-requests' => '1',
  'user-agent' => 'Mozilla/5.0 (Windows NT 10.0; WOW64) AppleWebKit/537.36 (KHTML, like Gecko) Chrome/63.0.3239.132 Safari/537.36',
)
[ info ] [ PARAM ] array (
  'catid' => '0',
  'start_time' => '',
  'end_time' => '',
  'title' => 'tt',
)
[ info ] [ SESSION ] INIT array (
  'id' => '',
  'var_session_id' => '',
  'prefix' => 'think',
  'type' => '',
  'auto_start' => true,
)
[ info ] [ RUN ] app\admin\controller\News->index[ /data/home/byu3109350001/htdocs/app/application/admin/controller/News.php ]
[ info ] [ DB ] INIT mysql
[ info ] [ VIEW ] /data/home/byu3109350001/htdocs/app/public/../application/admin/view/news/index.html [ array (
  0 => 'cats',
  1 => 'news',
  2 => 'pageTotal',
  3 => 'curr',
  4 => 'start_time',
  5 => 'end_time',
  6 => 'catid',
  7 => 'title',
  8 => 'query',
) ]
[ info ] [ LOG ] INIT File
[ sql ] [ DB ] CONNECT:[ UseTime:0.010505s ] mysql:dbname=bdm280513349_db;host=bdm280513349.my3w.com;port=3306;charset=utf8
[ sql ] [ SQL ] SHOW COLUMNS FROM `ent_news` [ RunTime:0.007144s ]
[ sql ] [ SQL ] SELECT `id`,`catid`,`image`,`title`,`read_count`,`status`,`is_position`,`update_time`,`create_time` FROM `ent_news` WHERE  `title` LIKE '%tt%'  AND `status` <> -1 ORDER BY `id`  desc LIMIT 0,4 [ RunTime:0.006871s ]
[ sql ] [ SQL ] SELECT COUNT(*) AS tp_count FROM `ent_news` WHERE  `title` LIKE '%tt%'  AND `status` <> -1 LIMIT 1 [ RunTime:0.006388s ]
